[31m[ERROR][0m - (Engine): test[ERROR] - (Engine): test
[32m[INFO][0m - (Engine): test[INFO] - (Engine): test
[32m[INFO][0m - (Engine): test[INFO] - (Engine): test
[ERROR] - (Engine): test
[INFO] - (Engine): test
[INFO] - (Engine): test
[ERROR] - (Engine): test
[INFO] - (Engine): test
[INFO] - (Engine): test
[ERROR] - (Engine): test
[INFO] - (Engine): test
[INFO] - (Engine): test
[INFO] - (None): X: 686 Y: 2

[INFO] - (None): X: 684 Y: 2

[INFO] - (None): X: 684 Y: 3

[INFO] - (None): X: 684 Y: 5

[INFO] - (None): X: 682 Y: 7

[INFO] - (None): X: 682 Y: 9

[INFO] - (None): X: 681 Y: 11

[INFO] - (None): X: 681 Y: 12

[INFO] - (None): X: 679 Y: 14

[INFO] - (None): X: 679 Y: 16

[INFO] - (None): X: 679 Y: 18

[INFO] - (None): X: 677 Y: 22

[INFO] - (None): X: 677 Y: 24

[INFO] - (None): X: 677 Y: 28

[INFO] - (None): X: 677 Y: 30

[INFO] - (None): X: 675 Y: 31

[INFO] - (None): X: 675 Y: 33

[INFO] - (None): X: 673 Y: 37

[INFO] - (None): X: 673 Y: 41

[INFO] - (None): X: 673 Y: 43

[INFO] - (None): X: 673 Y: 47

[INFO] - (None): X: 673 Y: 49

[INFO] - (None): X: 673 Y: 53

[INFO] - (None): X: 671 Y: 57

[INFO] - (None): X: 671 Y: 59

[INFO] - (None): X: 669 Y: 63

[INFO] - (None): X: 669 Y: 65

[INFO] - (None): X: 669 Y: 68

[INFO] - (None): X: 667 Y: 70

[INFO] - (None): X: 667 Y: 74

[INFO] - (None): X: 667 Y: 78

[INFO] - (None): X: 665 Y: 82

[INFO] - (None): X: 665 Y: 86

[INFO] - (None): X: 665 Y: 88

[INFO] - (None): X: 663 Y: 92

[INFO] - (None): X: 663 Y: 96

[INFO] - (None): X: 661 Y: 100

[INFO] - (None): X: 661 Y: 102

[INFO] - (None): X: 659 Y: 106

[INFO] - (None): X: 659 Y: 110

[INFO] - (None): X: 659 Y: 112

[INFO] - (None): X: 657 Y: 116

[INFO] - (None): X: 657 Y: 120

[INFO] - (None): X: 655 Y: 124

[INFO] - (None): X: 653 Y: 126

[INFO] - (None): X: 653 Y: 128

[INFO] - (None): X: 653 Y: 132

[INFO] - (None): X: 651 Y: 134

[INFO] - (None): X: 651 Y: 138

[INFO] - (None): X: 649 Y: 140

[INFO] - (None): X: 647 Y: 144

[INFO] - (None): X: 647 Y: 146

[INFO] - (None): X: 645 Y: 148

[INFO] - (None): X: 645 Y: 149

[INFO] - (None): X: 643 Y: 151

[INFO] - (None): X: 641 Y: 155

[INFO] - (None): X: 641 Y: 157

[INFO] - (None): X: 640 Y: 159

[INFO] - (None): X: 640 Y: 161

[INFO] - (None): X: 638 Y: 162

[INFO] - (None): X: 636 Y: 166

[INFO] - (None): X: 634 Y: 168

[INFO] - (None): X: 632 Y: 170

[INFO] - (None): X: 630 Y: 172

[INFO] - (None): X: 630 Y: 173

[INFO] - (None): X: 629 Y: 173

[INFO] - (None): X: 629 Y: 175

[INFO] - (None): X: 628 Y: 177

[INFO] - (None): X: 626 Y: 178

[INFO] - (None): X: 625 Y: 178

[INFO] - (None): X: 625 Y: 180

[INFO] - (None): X: 625 Y: 181

[INFO] - (None): X: 623 Y: 181

[INFO] - (None): X: 622 Y: 182

[INFO] - (None): X: 621 Y: 182

[INFO] - (None): X: 621 Y: 183

[INFO] - (None): X: 620 Y: 183

[INFO] - (None): X: 619 Y: 183

[INFO] - (None): X: 619 Y: 184

[INFO] - (None): X: 617 Y: 184

[INFO] - (None): X: 616 Y: 184

[INFO] - (None): X: 615 Y: 184

[INFO] - (None): X: 615 Y: 186

[INFO] - (None): X: 614 Y: 186

[INFO] - (None): X: 613 Y: 186

[INFO] - (None): X: 611 Y: 187

[INFO] - (None): X: 610 Y: 187

[INFO] - (None): X: 609 Y: 187

[INFO] - (None): X: 608 Y: 188

[INFO] - (None): X: 606 Y: 188

[INFO] - (None): X: 605 Y: 188

[INFO] - (None): X: 603 Y: 188

[INFO] - (None): X: 601 Y: 190

[INFO] - (None): X: 599 Y: 190

[INFO] - (None): X: 598 Y: 190

[INFO] - (None): X: 598 Y: 192

[INFO] - (None): X: 596 Y: 192

[INFO] - (None): X: 594 Y: 192

[INFO] - (None): X: 593 Y: 192

[INFO] - (None): X: 591 Y: 192

[INFO] - (None): X: 589 Y: 194

[INFO] - (None): X: 587 Y: 194

[INFO] - (None): X: 586 Y: 195

[INFO] - (None): X: 584 Y: 195

[INFO] - (None): X: 582 Y: 197

[INFO] - (None): X: 580 Y: 197

[INFO] - (None): X: 579 Y: 197

[INFO] - (None): X: 575 Y: 199

[INFO] - (None): X: 571 Y: 201

[INFO] - (None): X: 569 Y: 201

[INFO] - (None): X: 567 Y: 201

[INFO] - (None): X: 566 Y: 201

[INFO] - (None): X: 564 Y: 201

[INFO] - (None): X: 564 Y: 203

[INFO] - (None): X: 562 Y: 203

[INFO] - (None): X: 561 Y: 203

[INFO] - (None): X: 559 Y: 203

[INFO] - (None): X: 559 Y: 204

[INFO] - (None): X: 557 Y: 204

[INFO] - (None): X: 556 Y: 204

[INFO] - (None): X: 554 Y: 206

[INFO] - (None): X: 552 Y: 206

[INFO] - (None): X: 552 Y: 208

[INFO] - (None): X: 550 Y: 208

[INFO] - (None): X: 549 Y: 208

[INFO] - (None): X: 547 Y: 209

[INFO] - (None): X: 546 Y: 209

[INFO] - (None): X: 545 Y: 209

[INFO] - (None): X: 545 Y: 211

[INFO] - (None): X: 543 Y: 211

[INFO] - (None): X: 542 Y: 211

[INFO] - (None): X: 540 Y: 212

[INFO] - (None): X: 539 Y: 212

[INFO] - (None): X: 539 Y: 214

[INFO] - (None): X: 537 Y: 214

[INFO] - (None): X: 536 Y: 214

[INFO] - (None): X: 535 Y: 215

[INFO] - (None): X: 535 Y: 216

[INFO] - (None): X: 534 Y: 216

[INFO] - (None): X: 532 Y: 216

[INFO] - (None): X: 531 Y: 216

[INFO] - (None): X: 531 Y: 217

[INFO] - (None): X: 530 Y: 217

[INFO] - (None): X: 530 Y: 218

[INFO] - (None): X: 529 Y: 218

[INFO] - (None): X: 529 Y: 219

[INFO] - (None): X: 529 Y: 220

[INFO] - (None): X: 528 Y: 220

[INFO] - (None): X: 528 Y: 222

[INFO] - (None): X: 528 Y: 223

[INFO] - (None): X: 527 Y: 223

[INFO] - (None): X: 527 Y: 225

[INFO] - (None): X: 527 Y: 227

[INFO] - (None): X: 527 Y: 228

[INFO] - (None): X: 525 Y: 228

[INFO] - (None): X: 525 Y: 230

[INFO] - (None): X: 523 Y: 232

[INFO] - (None): X: 523 Y: 234

[INFO] - (None): X: 521 Y: 236

[INFO] - (None): X: 521 Y: 237

[INFO] - (None): X: 520 Y: 239

[INFO] - (None): X: 520 Y: 241

[INFO] - (None): X: 520 Y: 242

[INFO] - (None): X: 518 Y: 244

[INFO] - (None): X: 518 Y: 246

[INFO] - (None): X: 516 Y: 248

[INFO] - (None): X: 514 Y: 252

[INFO] - (None): X: 512 Y: 254

[INFO] - (None): X: 510 Y: 255

[INFO] - (None): X: 510 Y: 259

[INFO] - (None): X: 508 Y: 261

[INFO] - (None): X: 506 Y: 265

[INFO] - (None): X: 506 Y: 267

[INFO] - (None): X: 505 Y: 269

[INFO] - (None): X: 505 Y: 271

[INFO] - (None): X: 503 Y: 272

[INFO] - (None): X: 501 Y: 274

[INFO] - (None): X: 501 Y: 276

[INFO] - (None): X: 499 Y: 278

[INFO] - (None): X: 499 Y: 280

[INFO] - (None): X: 497 Y: 282

[INFO] - (None): X: 497 Y: 284

[INFO] - (None): X: 495 Y: 286

[INFO] - (None): X: 493 Y: 288

[INFO] - (None): X: 493 Y: 290

[INFO] - (None): X: 489 Y: 291

[INFO] - (None): X: 489 Y: 293

[INFO] - (None): X: 487 Y: 295

[INFO] - (None): X: 485 Y: 297

[INFO] - (None): X: 485 Y: 299

[INFO] - (None): X: 482 Y: 301

[INFO] - (None): X: 480 Y: 303

[INFO] - (None): X: 480 Y: 305

[INFO] - (None): X: 478 Y: 307

[INFO] - (None): X: 476 Y: 309

[INFO] - (None): X: 476 Y: 310

[INFO] - (None): X: 474 Y: 312

[INFO] - (None): X: 472 Y: 314

[INFO] - (None): X: 470 Y: 314

[INFO] - (None): X: 470 Y: 316

[INFO] - (None): X: 468 Y: 318

[INFO] - (None): X: 466 Y: 320

[INFO] - (None): X: 466 Y: 322

[INFO] - (None): X: 465 Y: 322

[INFO] - (None): X: 465 Y: 323

[INFO] - (None): X: 463 Y: 325

[INFO] - (None): X: 461 Y: 325

[INFO] - (None): X: 461 Y: 327

[INFO] - (None): X: 459 Y: 327

[INFO] - (None): X: 458 Y: 329

[INFO] - (None): X: 458 Y: 331

[INFO] - (None): X: 456 Y: 331

[INFO] - (None): X: 454 Y: 332

[INFO] - (None): X: 454 Y: 334

[INFO] - (None): X: 452 Y: 336

[INFO] - (None): X: 450 Y: 338

[INFO] - (None): X: 449 Y: 338

[INFO] - (None): X: 449 Y: 340

[INFO] - (None): X: 447 Y: 340

[INFO] - (None): X: 445 Y: 341

[INFO] - (None): X: 444 Y: 341

[INFO] - (None): X: 444 Y: 343

[INFO] - (None): X: 442 Y: 343

[INFO] - (None): X: 442 Y: 345

[INFO] - (None): X: 440 Y: 345

[INFO] - (None): X: 438 Y: 347

[INFO] - (None): X: 437 Y: 347

[INFO] - (None): X: 435 Y: 348

[INFO] - (None): X: 435 Y: 350

[INFO] - (None): X: 434 Y: 350

[INFO] - (None): X: 432 Y: 350

[INFO] - (None): X: 430 Y: 352

[INFO] - (None): X: 429 Y: 353

[INFO] - (None): X: 428 Y: 353

[INFO] - (None): X: 426 Y: 354

[INFO] - (None): X: 425 Y: 354

[INFO] - (None): X: 425 Y: 355

[INFO] - (None): X: 424 Y: 355

[INFO] - (None): X: 422 Y: 357

[INFO] - (None): X: 421 Y: 357

[INFO] - (None): X: 421 Y: 358

[INFO] - (None): X: 420 Y: 358

[INFO] - (None): X: 418 Y: 358

[INFO] - (None): X: 418 Y: 359

[INFO] - (None): X: 417 Y: 359

[INFO] - (None): X: 417 Y: 361

[INFO] - (None): X: 415 Y: 361

[INFO] - (None): X: 415 Y: 362

[INFO] - (None): X: 414 Y: 362

[INFO] - (None): X: 413 Y: 363

[INFO] - (None): X: 412 Y: 363

[INFO] - (None): X: 412 Y: 365

[INFO] - (None): X: 410 Y: 365

[INFO] - (None): X: 409 Y: 366

[INFO] - (None): X: 408 Y: 366

[INFO] - (None): X: 408 Y: 367

[INFO] - (None): X: 406 Y: 367

[INFO] - (None): X: 407 Y: 367

[INFO] - (None): X: 407 Y: 365

[INFO] - (None): X: 409 Y: 364

[INFO] - (None): X: 410 Y: 364

[INFO] - (None): X: 410 Y: 363

[INFO] - (None): X: 412 Y: 363

[INFO] - (None): X: 412 Y: 361

[INFO] - (None): X: 413 Y: 359

[INFO] - (None): X: 415 Y: 357

[INFO] - (None): X: 415 Y: 356

[INFO] - (None): X: 416 Y: 356

[INFO] - (None): X: 416 Y: 354

[INFO] - (None): X: 416 Y: 353

[INFO] - (None): X: 418 Y: 353

[INFO] - (None): X: 418 Y: 351

[INFO] - (None): X: 420 Y: 351

[INFO] - (None): X: 420 Y: 350

[INFO] - (None): X: 420 Y: 348

[INFO] - (None): X: 422 Y: 346

[INFO] - (None): X: 422 Y: 344

[INFO] - (None): X: 423 Y: 344

[INFO] - (None): X: 423 Y: 342

[INFO] - (None): X: 425 Y: 341

[INFO] - (None): X: 425 Y: 339

[INFO] - (None): X: 427 Y: 337

[INFO] - (None): X: 427 Y: 336

[INFO] - (None): X: 429 Y: 334

[INFO] - (None): X: 431 Y: 332

[INFO] - (None): X: 431 Y: 330

[INFO] - (None): X: 431 Y: 328

[INFO] - (None): X: 432 Y: 326

[INFO] - (None): X: 434 Y: 324

[INFO] - (None): X: 436 Y: 322

[INFO] - (None): X: 436 Y: 321

[INFO] - (None): X: 438 Y: 317

[INFO] - (None): X: 438 Y: 315

[INFO] - (None): X: 440 Y: 313

[INFO] - (None): X: 440 Y: 309

[INFO] - (None): X: 442 Y: 307

[INFO] - (None): X: 444 Y: 305

[INFO] - (None): X: 444 Y: 301

[INFO] - (None): X: 446 Y: 299

[INFO] - (None): X: 448 Y: 295

[INFO] - (None): X: 450 Y: 293

[INFO] - (None): X: 450 Y: 289

[INFO] - (None): X: 452 Y: 285

[INFO] - (None): X: 452 Y: 283

[INFO] - (None): X: 454 Y: 279

[INFO] - (None): X: 456 Y: 275

[INFO] - (None): X: 458 Y: 271

[INFO] - (None): X: 458 Y: 269

[INFO] - (None): X: 460 Y: 265

[INFO] - (None): X: 462 Y: 259

[INFO] - (None): X: 464 Y: 257

[INFO] - (None): X: 464 Y: 253

[INFO] - (None): X: 466 Y: 249

[INFO] - (None): X: 466 Y: 245

[INFO] - (None): X: 468 Y: 241

[INFO] - (None): X: 472 Y: 237

[INFO] - (None): X: 474 Y: 231

[INFO] - (None): X: 474 Y: 229

[INFO] - (None): X: 476 Y: 225

[INFO] - (None): X: 478 Y: 219

[INFO] - (None): X: 480 Y: 215

[INFO] - (None): X: 482 Y: 211

[INFO] - (None): X: 484 Y: 207

[INFO] - (None): X: 484 Y: 201

[INFO] - (None): X: 486 Y: 197

[INFO] - (None): X: 490 Y: 195

[INFO] - (None): X: 492 Y: 189

[INFO] - (None): X: 494 Y: 183

[INFO] - (None): X: 496 Y: 179

[INFO] - (None): X: 498 Y: 175

[INFO] - (None): X: 500 Y: 171

[INFO] - (None): X: 500 Y: 165

[INFO] - (None): X: 502 Y: 161

[INFO] - (None): X: 504 Y: 157

[INFO] - (None): X: 506 Y: 151

[INFO] - (None): X: 508 Y: 145

[INFO] - (None): X: 510 Y: 141

[INFO] - (None): X: 510 Y: 135

[INFO] - (None): X: 512 Y: 131

[INFO] - (None): X: 516 Y: 125

[INFO] - (None): X: 518 Y: 121

[INFO] - (None): X: 520 Y: 115

[INFO] - (None): X: 522 Y: 111

[INFO] - (None): X: 524 Y: 107

[INFO] - (None): X: 526 Y: 103

[INFO] - (None): X: 528 Y: 99

[INFO] - (None): X: 530 Y: 95

[INFO] - (None): X: 532 Y: 91

[INFO] - (None): X: 536 Y: 85

[INFO] - (None): X: 538 Y: 83

[INFO] - (None): X: 540 Y: 79

[INFO] - (None): X: 542 Y: 75

[INFO] - (None): X: 544 Y: 73

[INFO] - (None): X: 548 Y: 69

[INFO] - (None): X: 550 Y: 67

[INFO] - (None): X: 552 Y: 63

[INFO] - (None): X: 556 Y: 61

[INFO] - (None): X: 556 Y: 59

[INFO] - (None): X: 560 Y: 58

[INFO] - (None): X: 564 Y: 56

[INFO] - (None): X: 566 Y: 54

[INFO] - (None): X: 568 Y: 52

[INFO] - (None): X: 572 Y: 52

[INFO] - (None): X: 574 Y: 50

[INFO] - (None): X: 576 Y: 50

[INFO] - (None): X: 580 Y: 48

[INFO] - (None): X: 582 Y: 46

[INFO] - (None): X: 586 Y: 46

[INFO] - (None): X: 588 Y: 44

[INFO] - (None): X: 592 Y: 44

[INFO] - (None): X: 596 Y: 44

[INFO] - (None): X: 600 Y: 44

[INFO] - (None): X: 602 Y: 44

[INFO] - (None): X: 606 Y: 42

[INFO] - (None): X: 610 Y: 42

[INFO] - (None): X: 614 Y: 42

[INFO] - (None): X: 615 Y: 42

[INFO] - (None): X: 619 Y: 42

[INFO] - (None): X: 623 Y: 42

[INFO] - (None): X: 627 Y: 42

[INFO] - (None): X: 631 Y: 42

[INFO] - (None): X: 635 Y: 42

[INFO] - (None): X: 639 Y: 44

[INFO] - (None): X: 645 Y: 44

[INFO] - (None): X: 649 Y: 46

[INFO] - (None): X: 653 Y: 46

[INFO] - (None): X: 659 Y: 46

[INFO] - (None): X: 663 Y: 48

[INFO] - (None): X: 669 Y: 48

[INFO] - (None): X: 675 Y: 48

[INFO] - (None): X: 679 Y: 50

[INFO] - (None): X: 685 Y: 52

[INFO] - (None): X: 689 Y: 52

[INFO] - (None): X: 695 Y: 54

[INFO] - (None): X: 701 Y: 56

[INFO] - (None): X: 707 Y: 58

[INFO] - (None): X: 713 Y: 60

[INFO] - (None): X: 719 Y: 60

[INFO] - (None): X: 725 Y: 62

[INFO] - (None): X: 731 Y: 64

[INFO] - (None): X: 739 Y: 66

[INFO] - (None): X: 743 Y: 68

[INFO] - (None): X: 749 Y: 70

[INFO] - (None): X: 759 Y: 72

[INFO] - (None): X: 765 Y: 74

[INFO] - (None): X: 773 Y: 76

[INFO] - (None): X: 779 Y: 76

[INFO] - (None): X: 787 Y: 80

[INFO] - (None): X: 795 Y: 82

[INFO] - (None): X: 799 Y: 84

[INFO] - (None): X: 791 Y: 269

[INFO] - (None): X: 785 Y: 269

[INFO] - (None): X: 781 Y: 271

[INFO] - (None): X: 777 Y: 271

[INFO] - (None): X: 771 Y: 273

[INFO] - (None): X: 767 Y: 273

[INFO] - (None): X: 761 Y: 273

[INFO] - (None): X: 757 Y: 273

[INFO] - (None): X: 753 Y: 275

[INFO] - (None): X: 749 Y: 275

[INFO] - (None): X: 745 Y: 275

[INFO] - (None): X: 739 Y: 277

[INFO] - (None): X: 735 Y: 277

[INFO] - (None): X: 731 Y: 277

[INFO] - (None): X: 727 Y: 277

[INFO] - (None): X: 725 Y: 277

[INFO] - (None): X: 719 Y: 277

[INFO] - (None): X: 717 Y: 277

[INFO] - (None): X: 714 Y: 279

[INFO] - (None): X: 710 Y: 279

[INFO] - (None): X: 708 Y: 279

[INFO] - (None): X: 706 Y: 279

[INFO] - (None): X: 704 Y: 280

[INFO] - (None): X: 702 Y: 280

[INFO] - (None): X: 698 Y: 280

[INFO] - (None): X: 696 Y: 282

[INFO] - (None): X: 693 Y: 282

[INFO] - (None): X: 691 Y: 282

[INFO] - (None): X: 690 Y: 284

[INFO] - (None): X: 688 Y: 284

[INFO] - (None): X: 686 Y: 284

[INFO] - (None): X: 686 Y: 285

[INFO] - (None): X: 684 Y: 287

[INFO] - (None): X: 683 Y: 287

[INFO] - (None): X: 681 Y: 287

[INFO] - (None): X: 681 Y: 288

[INFO] - (None): X: 681 Y: 289

[INFO] - (None): X: 681 Y: 290

[INFO] - (None): X: 681 Y: 291

[INFO] - (None): X: 681 Y: 292

[INFO] - (None): X: 681 Y: 294

[INFO] - (None): X: 681 Y: 295

[INFO] - (None): X: 682 Y: 296

[INFO] - (None): X: 682 Y: 298

[INFO] - (None): X: 682 Y: 299

[INFO] - (None): X: 682 Y: 301

[INFO] - (None): X: 682 Y: 302

[INFO] - (None): X: 682 Y: 303

[INFO] - (None): X: 682 Y: 305

[INFO] - (None): X: 682 Y: 306

[INFO] - (None): X: 684 Y: 307

[INFO] - (None): X: 684 Y: 311

[INFO] - (None): X: 684 Y: 313

[INFO] - (None): X: 684 Y: 316

[INFO] - (None): X: 684 Y: 320

[INFO] - (None): X: 684 Y: 321

[INFO] - (None): X: 684 Y: 323

[INFO] - (None): X: 684 Y: 325

[INFO] - (None): X: 686 Y: 327

[INFO] - (None): X: 686 Y: 328

[INFO] - (None): X: 686 Y: 330

[INFO] - (None): X: 686 Y: 331

[INFO] - (None): X: 686 Y: 333

[INFO] - (None): X: 686 Y: 334

[INFO] - (None): X: 686 Y: 336

[INFO] - (None): X: 686 Y: 337

[INFO] - (None): X: 686 Y: 339

[INFO] - (None): X: 686 Y: 341

[INFO] - (None): X: 686 Y: 342

[INFO] - (None): X: 686 Y: 344

[INFO] - (None): X: 686 Y: 346

[INFO] - (None): X: 684 Y: 346

[INFO] - (None): X: 684 Y: 350

[INFO] - (None): X: 682 Y: 351

[INFO] - (None): X: 682 Y: 353

[INFO] - (None): X: 682 Y: 355

[INFO] - (None): X: 680 Y: 356

[INFO] - (None): X: 680 Y: 358

[INFO] - (None): X: 680 Y: 360

[INFO] - (None): X: 678 Y: 362

[INFO] - (None): X: 678 Y: 364

[INFO] - (None): X: 676 Y: 366

[INFO] - (None): X: 676 Y: 367

[INFO] - (None): X: 676 Y: 369

[INFO] - (None): X: 675 Y: 370

[INFO] - (None): X: 673 Y: 372

[INFO] - (None): X: 673 Y: 374

[INFO] - (None): X: 671 Y: 375

[INFO] - (None): X: 671 Y: 377

[INFO] - (None): X: 669 Y: 379

[INFO] - (None): X: 669 Y: 381

[INFO] - (None): X: 668 Y: 381

[INFO] - (None): X: 668 Y: 382

[INFO] - (None): X: 666 Y: 384

[INFO] - (None): X: 664 Y: 386

[INFO] - (None): X: 662 Y: 388

[INFO] - (None): X: 662 Y: 389

[INFO] - (None): X: 661 Y: 391

[INFO] - (None): X: 661 Y: 392

[INFO] - (None): X: 659 Y: 392

[INFO] - (None): X: 659 Y: 394

[INFO] - (None): X: 658 Y: 394

[INFO] - (None): X: 658 Y: 395

[INFO] - (None): X: 656 Y: 395

[INFO] - (None): X: 656 Y: 397

[INFO] - (None): X: 656 Y: 399

[INFO] - (None): X: 655 Y: 399

[INFO] - (None): X: 653 Y: 400

[INFO] - (None): X: 653 Y: 401

[INFO] - (None): X: 652 Y: 401

[INFO] - (None): X: 652 Y: 403

[INFO] - (None): X: 651 Y: 403

[INFO] - (None): X: 651 Y: 404

[INFO] - (None): X: 649 Y: 404

[INFO] - (None): X: 649 Y: 405

[INFO] - (None): X: 648 Y: 405

[INFO] - (None): X: 648 Y: 407

[INFO] - (None): X: 647 Y: 407

[INFO] - (None): X: 647 Y: 408

[INFO] - (None): X: 645 Y: 408

[INFO] - (None): X: 644 Y: 408

[INFO] - (None): X: 644 Y: 409

[INFO] - (None): X: 643 Y: 409

[INFO] - (None): X: 643 Y: 410

[INFO] - (None): X: 641 Y: 410

[INFO] - (None): X: 640 Y: 410

[INFO] - (None): X: 639 Y: 411

[INFO] - (None): X: 638 Y: 411

[INFO] - (None): X: 638 Y: 412

[INFO] - (None): X: 636 Y: 412

[INFO] - (None): X: 635 Y: 412

[INFO] - (None): X: 633 Y: 414

[INFO] - (None): X: 632 Y: 414

[INFO] - (None): X: 631 Y: 414

[INFO] - (None): X: 629 Y: 415

[INFO] - (None): X: 628 Y: 415

[INFO] - (None): X: 626 Y: 415

[INFO] - (None): X: 626 Y: 417

[INFO] - (None): X: 622 Y: 417

[INFO] - (None): X: 620 Y: 417

[INFO] - (None): X: 619 Y: 419

[INFO] - (None): X: 617 Y: 419

[INFO] - (None): X: 615 Y: 419

[INFO] - (None): X: 614 Y: 419

[INFO] - (None): X: 612 Y: 419

[INFO] - (None): X: 610 Y: 419

[INFO] - (None): X: 609 Y: 419

[INFO] - (None): X: 607 Y: 420

[INFO] - (None): X: 605 Y: 420

[INFO] - (None): X: 603 Y: 420

[INFO] - (None): X: 601 Y: 420

[INFO] - (None): X: 598 Y: 420

[INFO] - (None): X: 596 Y: 422

[INFO] - (None): X: 594 Y: 422

[INFO] - (None): X: 590 Y: 422

[INFO] - (None): X: 588 Y: 422

[INFO] - (None): X: 584 Y: 422

[INFO] - (None): X: 582 Y: 422

[INFO] - (None): X: 580 Y: 422

[INFO] - (None): X: 577 Y: 422

[INFO] - (None): X: 573 Y: 422

[INFO] - (None): X: 571 Y: 422

[INFO] - (None): X: 567 Y: 422

[INFO] - (None): X: 565 Y: 422

[INFO] - (None): X: 561 Y: 422

[INFO] - (None): X: 559 Y: 422

[INFO] - (None): X: 555 Y: 422

[INFO] - (None): X: 551 Y: 424

[INFO] - (None): X: 549 Y: 424

[INFO] - (None): X: 547 Y: 424

[INFO] - (None): X: 544 Y: 424

[INFO] - (None): X: 540 Y: 424

[INFO] - (None): X: 536 Y: 424

[INFO] - (None): X: 532 Y: 424

[INFO] - (None): X: 530 Y: 424

[INFO] - (None): X: 526 Y: 424

[INFO] - (None): X: 522 Y: 422

[INFO] - (None): X: 518 Y: 422

[INFO] - (None): X: 516 Y: 422

[INFO] - (None): X: 512 Y: 422

[INFO] - (None): X: 508 Y: 422

[INFO] - (None): X: 506 Y: 422

[INFO] - (None): X: 502 Y: 422

[INFO] - (None): X: 498 Y: 422

[INFO] - (None): X: 494 Y: 420

[INFO] - (None): X: 490 Y: 420

[INFO] - (None): X: 488 Y: 420

[INFO] - (None): X: 484 Y: 420

[INFO] - (None): X: 480 Y: 418

[INFO] - (None): X: 476 Y: 418

[INFO] - (None): X: 474 Y: 418

[INFO] - (None): X: 470 Y: 418

[INFO] - (None): X: 468 Y: 416

[INFO] - (None): X: 464 Y: 416

[INFO] - (None): X: 462 Y: 416

[INFO] - (None): X: 459 Y: 416

[INFO] - (None): X: 457 Y: 416

[INFO] - (None): X: 455 Y: 416

[INFO] - (None): X: 453 Y: 415

[INFO] - (None): X: 449 Y: 415

[INFO] - (None): X: 447 Y: 415

[INFO] - (None): X: 446 Y: 415

[INFO] - (None): X: 444 Y: 413

[INFO] - (None): X: 442 Y: 413

[INFO] - (None): X: 440 Y: 413

[INFO] - (None): X: 438 Y: 411

[INFO] - (None): X: 434 Y: 411

[INFO] - (None): X: 432 Y: 411

[INFO] - (None): X: 431 Y: 411

[INFO] - (None): X: 429 Y: 411

[INFO] - (None): X: 427 Y: 411

[INFO] - (None): X: 425 Y: 409

[INFO] - (None): X: 424 Y: 409

[INFO] - (None): X: 422 Y: 407

[INFO] - (None): X: 421 Y: 407

[INFO] - (None): X: 420 Y: 407

[INFO] - (None): X: 420 Y: 406

[INFO] - (None): X: 419 Y: 406

[INFO] - (None): X: 419 Y: 405

[INFO] - (None): X: 419 Y: 403

[INFO] - (None): X: 417 Y: 402

[INFO] - (None): X: 417 Y: 400

[INFO] - (None): X: 417 Y: 399

[INFO] - (None): X: 417 Y: 395

[INFO] - (None): X: 417 Y: 394

[INFO] - (None): X: 417 Y: 392

[INFO] - (None): X: 417 Y: 390

[INFO] - (None): X: 415 Y: 388

[INFO] - (None): X: 415 Y: 387

[INFO] - (None): X: 415 Y: 385

[INFO] - (None): X: 415 Y: 383

[INFO] - (None): X: 414 Y: 381

[INFO] - (None): X: 414 Y: 377

[INFO] - (None): X: 414 Y: 375

[INFO] - (None): X: 414 Y: 374

[INFO] - (None): X: 414 Y: 372

[INFO] - (None): X: 412 Y: 370

[INFO] - (None): X: 412 Y: 366

[INFO] - (None): X: 412 Y: 364

[INFO] - (None): X: 410 Y: 362

[INFO] - (None): X: 410 Y: 358

[INFO] - (None): X: 408 Y: 354

[INFO] - (None): X: 408 Y: 352

[INFO] - (None): X: 406 Y: 349

[INFO] - (None): X: 406 Y: 347

[INFO] - (None): X: 406 Y: 343

[INFO] - (None): X: 404 Y: 341

[INFO] - (None): X: 404 Y: 339

[INFO] - (None): X: 404 Y: 335

[INFO] - (None): X: 402 Y: 331

[INFO] - (None): X: 400 Y: 327

[INFO] - (None): X: 400 Y: 325

[INFO] - (None): X: 400 Y: 321

[INFO] - (None): X: 398 Y: 319

[INFO] - (None): X: 396 Y: 315

[INFO] - (None): X: 394 Y: 311

[INFO] - (None): X: 394 Y: 307

[INFO] - (None): X: 392 Y: 303

[INFO] - (None): X: 392 Y: 299

[INFO] - (None): X: 392 Y: 295

[INFO] - (None): X: 390 Y: 291

[INFO] - (None): X: 388 Y: 289

[INFO] - (None): X: 388 Y: 285

[INFO] - (None): X: 388 Y: 281

[INFO] - (None): X: 386 Y: 277

[INFO] - (None): X: 384 Y: 273

[INFO] - (None): X: 384 Y: 271

[INFO] - (None): X: 382 Y: 267

[INFO] - (None): X: 382 Y: 263

[INFO] - (None): X: 382 Y: 259

[INFO] - (None): X: 380 Y: 257

[INFO] - (None): X: 380 Y: 253

[INFO] - (None): X: 378 Y: 249

[INFO] - (None): X: 378 Y: 247

[INFO] - (None): X: 376 Y: 243

[INFO] - (None): X: 374 Y: 239

[INFO] - (None): X: 374 Y: 238

[INFO] - (None): X: 374 Y: 236

[INFO] - (None): X: 374 Y: 234

[INFO] - (None): X: 372 Y: 232

[INFO] - (None): X: 372 Y: 230

[INFO] - (None): X: 370 Y: 227

[INFO] - (None): X: 370 Y: 225

[INFO] - (None): X: 370 Y: 223

[INFO] - (None): X: 370 Y: 221

[INFO] - (None): X: 370 Y: 220

[INFO] - (None): X: 368 Y: 218

[INFO] - (None): X: 368 Y: 216

[INFO] - (None): X: 368 Y: 215

[INFO] - (None): X: 367 Y: 213

[INFO] - (None): X: 365 Y: 213

[INFO] - (None): X: 365 Y: 212

[INFO] - (None): X: 365 Y: 210

[INFO] - (None): X: 365 Y: 209

[INFO] - (None): X: 365 Y: 208

[INFO] - (None): X: 364 Y: 208

[INFO] - (None): X: 364 Y: 207

[INFO] - (None): X: 364 Y: 206

[INFO] - (None): X: 364 Y: 205

[INFO] - (None): X: 364 Y: 204

[INFO] - (None): X: 364 Y: 203

[INFO] - (None): X: 364 Y: 202

[INFO] - (None): X: 364 Y: 201

[INFO] - (None): X: 364 Y: 200

[INFO] - (None): X: 364 Y: 199

[INFO] - (None): X: 364 Y: 198

[INFO] - (None): X: 364 Y: 196

[INFO] - (None): X: 364 Y: 195

[INFO] - (None): X: 365 Y: 195

[INFO] - (None): X: 365 Y: 194

[INFO] - (None): X: 365 Y: 193

[INFO] - (None): X: 366 Y: 193

[INFO] - (None): X: 366 Y: 191

[INFO] - (None): X: 367 Y: 190

[INFO] - (None): X: 367 Y: 189

[INFO] - (None): X: 367 Y: 188

[INFO] - (None): X: 368 Y: 188

[INFO] - (None): X: 368 Y: 187

[INFO] - (None): X: 370 Y: 187

[INFO] - (None): X: 370 Y: 186

[INFO] - (None): X: 371 Y: 184

[INFO] - (None): X: 372 Y: 183

[INFO] - (None): X: 372 Y: 182

[INFO] - (None): X: 373 Y: 182

[INFO] - (None): X: 373 Y: 181

[INFO] - (None): X: 374 Y: 181

[INFO] - (None): X: 374 Y: 180

[INFO] - (None): X: 376 Y: 180

[INFO] - (None): X: 377 Y: 179

[INFO] - (None): X: 378 Y: 179

[INFO] - (None): X: 379 Y: 177

[INFO] - (None): X: 380 Y: 177

[INFO] - (None): X: 380 Y: 176

[INFO] - (None): X: 382 Y: 176

[INFO] - (None): X: 383 Y: 175

[INFO] - (None): X: 384 Y: 175

[INFO] - (None): X: 386 Y: 174

[INFO] - (None): X: 386 Y: 172

[INFO] - (None): X: 387 Y: 172

[INFO] - (None): X: 389 Y: 172

[INFO] - (None): X: 390 Y: 171

[INFO] - (None): X: 392 Y: 171

[INFO] - (None): X: 393 Y: 171

[INFO] - (None): X: 393 Y: 170

[INFO] - (None): X: 395 Y: 170

[INFO] - (None): X: 396 Y: 168

[INFO] - (None): X: 398 Y: 168

[INFO] - (None): X: 400 Y: 168

[INFO] - (None): X: 400 Y: 166

[INFO] - (None): X: 401 Y: 166

[INFO] - (None): X: 403 Y: 166

[INFO] - (None): X: 404 Y: 166

[INFO] - (None): X: 406 Y: 164

[INFO] - (None): X: 408 Y: 162

[INFO] - (None): X: 410 Y: 162

[INFO] - (None): X: 412 Y: 162

[INFO] - (None): X: 412 Y: 161

[INFO] - (None): X: 413 Y: 161

[INFO] - (None): X: 415 Y: 161

[INFO] - (None): X: 417 Y: 161

[INFO] - (None): X: 417 Y: 159

[INFO] - (None): X: 418 Y: 159

[INFO] - (None): X: 420 Y: 159

[INFO] - (None): X: 422 Y: 157

[INFO] - (None): X: 424 Y: 157

[INFO] - (None): X: 425 Y: 155

[INFO] - (None): X: 427 Y: 155

[INFO] - (None): X: 431 Y: 155

[INFO] - (None): X: 433 Y: 153

[INFO] - (None): X: 435 Y: 153

[INFO] - (None): X: 437 Y: 153

[INFO] - (None): X: 439 Y: 152

[INFO] - (None): X: 443 Y: 152

[INFO] - (None): X: 445 Y: 150

[INFO] - (None): X: 446 Y: 150

[INFO] - (None): X: 448 Y: 148

[INFO] - (None): X: 450 Y: 148

[INFO] - (None): X: 452 Y: 148

[INFO] - (None): X: 454 Y: 146

[INFO] - (None): X: 458 Y: 146

[INFO] - (None): X: 460 Y: 146

[INFO] - (None): X: 462 Y: 144

[INFO] - (None): X: 466 Y: 144

[INFO] - (None): X: 467 Y: 144

[INFO] - (None): X: 469 Y: 142

[INFO] - (None): X: 473 Y: 140

[INFO] - (None): X: 475 Y: 140

[INFO] - (None): X: 477 Y: 140

[INFO] - (None): X: 479 Y: 138

[INFO] - (None): X: 483 Y: 138

[INFO] - (None): X: 485 Y: 138

[INFO] - (None): X: 489 Y: 136

[INFO] - (None): X: 491 Y: 136

[INFO] - (None): X: 494 Y: 134

[INFO] - (None): X: 496 Y: 134

[INFO] - (None): X: 498 Y: 134

[INFO] - (None): X: 502 Y: 132

[INFO] - (None): X: 504 Y: 130

[INFO] - (None): X: 506 Y: 130

[INFO] - (None): X: 510 Y: 130

[INFO] - (None): X: 512 Y: 130

[INFO] - (None): X: 516 Y: 130

[INFO] - (None): X: 520 Y: 128

[INFO] - (None): X: 521 Y: 128

[INFO] - (None): X: 523 Y: 128

[INFO] - (None): X: 527 Y: 126

[INFO] - (None): X: 529 Y: 126

[INFO] - (None): X: 533 Y: 126

[INFO] - (None): X: 535 Y: 126

[INFO] - (None): X: 539 Y: 125

[INFO] - (None): X: 541 Y: 125

[INFO] - (None): X: 545 Y: 125

[INFO] - (None): X: 546 Y: 125

[INFO] - (None): X: 548 Y: 123

[INFO] - (None): X: 552 Y: 123

[INFO] - (None): X: 554 Y: 123

[INFO] - (None): X: 556 Y: 123

[INFO] - (None): X: 560 Y: 121

[INFO] - (None): X: 562 Y: 121

[INFO] - (None): X: 563 Y: 121

[INFO] - (None): X: 567 Y: 121

[INFO] - (None): X: 571 Y: 119

[INFO] - (None): X: 573 Y: 119

[INFO] - (None): X: 575 Y: 119

[INFO] - (None): X: 579 Y: 119

[INFO] - (None): X: 581 Y: 117

[INFO] - (None): X: 585 Y: 117

[INFO] - (None): X: 589 Y: 117

[INFO] - (None): X: 593 Y: 117

[INFO] - (None): X: 595 Y: 115

[INFO] - (None): X: 599 Y: 115

[INFO] - (None): X: 601 Y: 115

[INFO] - (None): X: 602 Y: 115

[INFO] - (None): X: 604 Y: 115

[INFO] - (None): X: 608 Y: 115

[INFO] - (None): X: 612 Y: 115

[INFO] - (None): X: 614 Y: 115

[INFO] - (None): X: 618 Y: 115

[INFO] - (None): X: 622 Y: 113

[INFO] - (None): X: 624 Y: 113

[INFO] - (None): X: 628 Y: 113

[INFO] - (None): X: 630 Y: 113

[INFO] - (None): X: 631 Y: 113

[INFO] - (None): X: 637 Y: 113

[INFO] - (None): X: 639 Y: 113

[INFO] - (None): X: 643 Y: 111

[INFO] - (None): X: 647 Y: 111

[INFO] - (None): X: 649 Y: 111

[INFO] - (None): X: 650 Y: 111

[INFO] - (None): X: 654 Y: 111

[INFO] - (None): X: 656 Y: 111

[INFO] - (None): X: 660 Y: 109

[INFO] - (None): X: 662 Y: 109

[INFO] - (None): X: 666 Y: 109

[INFO] - (None): X: 670 Y: 109

[INFO] - (None): X: 672 Y: 109

[INFO] - (None): X: 674 Y: 109

[INFO] - (None): X: 677 Y: 109

[INFO] - (None): X: 681 Y: 109

[INFO] - (None): X: 683 Y: 109

[INFO] - (None): X: 687 Y: 109

[INFO] - (None): X: 691 Y: 109

[INFO] - (None): X: 695 Y: 109

[INFO] - (None): X: 699 Y: 109

[INFO] - (None): X: 701 Y: 109

[INFO] - (None): X: 705 Y: 109

[INFO] - (None): X: 709 Y: 109

[INFO] - (None): X: 713 Y: 109

[INFO] - (None): X: 717 Y: 109

[INFO] - (None): X: 719 Y: 109

[INFO] - (None): X: 723 Y: 109

[INFO] - (None): X: 725 Y: 107

[INFO] - (None): X: 729 Y: 107

[INFO] - (None): X: 733 Y: 107

[INFO] - (None): X: 735 Y: 107

[INFO] - (None): X: 739 Y: 107

[INFO] - (None): X: 743 Y: 105

[INFO] - (None): X: 747 Y: 105

[INFO] - (None): X: 751 Y: 105

[INFO] - (None): X: 755 Y: 103

[INFO] - (None): X: 757 Y: 103

[INFO] - (None): X: 761 Y: 103

[INFO] - (None): X: 763 Y: 103

[INFO] - (None): X: 766 Y: 103

[INFO] - (None): X: 770 Y: 101

[INFO] - (None): X: 772 Y: 101

[INFO] - (None): X: 776 Y: 101

[INFO] - (None): X: 780 Y: 101

[INFO] - (None): X: 784 Y: 99

[INFO] - (None): X: 788 Y: 99

[INFO] - (None): X: 790 Y: 99

[INFO] - (None): X: 794 Y: 99

[INFO] - (None): X: 796 Y: 99

[INFO] - (None): X: 799 Y: 97

[INFO] - (None): X: 795 Y: 149
[INFO] - (None): X: 793 Y: 151
[INFO] - (None): X: 789 Y: 151
[INFO] - (None): X: 787 Y: 153
[INFO] - (None): X: 785 Y: 155
[INFO] - (None): X: 781 Y: 155
[INFO] - (None): X: 777 Y: 155
[INFO] - (None): X: 776 Y: 155
[INFO] - (None): X: 774 Y: 157
[INFO] - (None): X: 770 Y: 157
[INFO] - (None): X: 768 Y: 157
[INFO] - (None): X: 768 Y: 159
[INFO] - (None): X: 764 Y: 159
[INFO] - (None): X: 764 Y: 161
[INFO] - (None): X: 760 Y: 161
[INFO] - (None): X: 758 Y: 161
[INFO] - (None): X: 756 Y: 163
[INFO] - (None): X: 752 Y: 165
[INFO] - (None): X: 750 Y: 165
[INFO] - (None): X: 749 Y: 165
[INFO] - (None): X: 747 Y: 166
[INFO] - (None): X: 745 Y: 166
[INFO] - (None): X: 743 Y: 168
[INFO] - (None): X: 741 Y: 168
[INFO] - (None): X: 740 Y: 168
[INFO] - (None): X: 736 Y: 170
[INFO] - (None): X: 734 Y: 172
[INFO] - (None): X: 732 Y: 172
[INFO] - (None): X: 728 Y: 174
[INFO] - (None): X: 726 Y: 174
[INFO] - (None): X: 724 Y: 176
[INFO] - (None): X: 722 Y: 178
[INFO] - (None): X: 720 Y: 178
[INFO] - (None): X: 716 Y: 180
[INFO] - (None): X: 714 Y: 180
[INFO] - (None): X: 713 Y: 182
[INFO] - (None): X: 711 Y: 182
[INFO] - (None): X: 709 Y: 184
[INFO] - (None): X: 705 Y: 186
[INFO] - (None): X: 701 Y: 186
[INFO] - (None): X: 701 Y: 188
[INFO] - (None): X: 697 Y: 188
[INFO] - (None): X: 693 Y: 188
[INFO] - (None): X: 691 Y: 190
[INFO] - (None): X: 687 Y: 190
[INFO] - (None): X: 685 Y: 192
[INFO] - (None): X: 683 Y: 192
[INFO] - (None): X: 679 Y: 194
[INFO] - (None): X: 677 Y: 196
[INFO] - (None): X: 675 Y: 196
[INFO] - (None): X: 673 Y: 197
[INFO] - (None): X: 669 Y: 197
[INFO] - (None): X: 665 Y: 197
[INFO] - (None): X: 663 Y: 199
[INFO] - (None): X: 659 Y: 199
[INFO] - (None): X: 657 Y: 201
[INFO] - (None): X: 653 Y: 201
[INFO] - (None): X: 649 Y: 203
[INFO] - (None): X: 647 Y: 203
[INFO] - (None): X: 646 Y: 205
[INFO] - (None): X: 642 Y: 207
[INFO] - (None): X: 640 Y: 207
[INFO] - (None): X: 638 Y: 207
[INFO] - (None): X: 634 Y: 207
[INFO] - (None): X: 630 Y: 209
[INFO] - (None): X: 626 Y: 211
[INFO] - (None): X: 622 Y: 211
[INFO] - (None): X: 620 Y: 211
[INFO] - (None): X: 618 Y: 213
[INFO] - (None): X: 616 Y: 213
[INFO] - (None): X: 613 Y: 213
[INFO] - (None): X: 609 Y: 215
[INFO] - (None): X: 607 Y: 215
[INFO] - (None): X: 605 Y: 217
[INFO] - (None): X: 599 Y: 219
[INFO] - (None): X: 597 Y: 219
[INFO] - (None): X: 593 Y: 219
[INFO] - (None): X: 589 Y: 221
[INFO] - (None): X: 585 Y: 223
[INFO] - (None): X: 583 Y: 223
[INFO] - (None): X: 579 Y: 223
[INFO] - (None): X: 575 Y: 225
[INFO] - (None): X: 573 Y: 225
[INFO] - (None): X: 569 Y: 225
[INFO] - (None): X: 565 Y: 227
[INFO] - (None): X: 561 Y: 227
[INFO] - (None): X: 559 Y: 229
[INFO] - (None): X: 555 Y: 229
[INFO] - (None): X: 553 Y: 229
[INFO] - (None): X: 549 Y: 229
[INFO] - (None): X: 547 Y: 231
[INFO] - (None): X: 543 Y: 231
[INFO] - (None): X: 539 Y: 231
[INFO] - (None): X: 535 Y: 231
[INFO] - (None): X: 533 Y: 233
[INFO] - (None): X: 529 Y: 233
[INFO] - (None): X: 527 Y: 233
[INFO] - (None): X: 524 Y: 233
[INFO] - (None): X: 522 Y: 235
[INFO] - (None): X: 518 Y: 235
[INFO] - (None): X: 516 Y: 235
[INFO] - (None): X: 514 Y: 235
[INFO] - (None): X: 512 Y: 235
[INFO] - (None): X: 508 Y: 235
[INFO] - (None): X: 504 Y: 235
[INFO] - (None): X: 503 Y: 235
[INFO] - (None): X: 499 Y: 237
[INFO] - (None): X: 497 Y: 237
[INFO] - (None): X: 493 Y: 237
[INFO] - (None): X: 491 Y: 237
[INFO] - (None): X: 489 Y: 237
[INFO] - (None): X: 488 Y: 237
[INFO] - (None): X: 484 Y: 237
[INFO] - (None): X: 482 Y: 237
[INFO] - (None): X: 480 Y: 239
[INFO] - (None): X: 478 Y: 239
[INFO] - (None): X: 476 Y: 239
[INFO] - (None): X: 472 Y: 239
[INFO] - (None): X: 469 Y: 239
[INFO] - (None): X: 465 Y: 239
[INFO] - (None): X: 463 Y: 239
[INFO] - (None): X: 461 Y: 239
[INFO] - (None): X: 460 Y: 239
[INFO] - (None): X: 458 Y: 239
[INFO] - (None): X: 456 Y: 239
[INFO] - (None): X: 455 Y: 239
[INFO] - (None): X: 454 Y: 239
[INFO] - (None): X: 452 Y: 239
[INFO] - (None): X: 451 Y: 239
[INFO] - (None): X: 449 Y: 239
[INFO] - (None): X: 449 Y: 241
[INFO] - (None): X: 448 Y: 241
[INFO] - (None): X: 446 Y: 241
[INFO] - (None): X: 445 Y: 241
[INFO] - (None): X: 444 Y: 241
[INFO] - (None): X: 442 Y: 241
[INFO] - (None): X: 441 Y: 241
[INFO] - (None): X: 440 Y: 241
[INFO] - (None): X: 439 Y: 241
[INFO] - (None): X: 438 Y: 241
[INFO] - (None): X: 438 Y: 240
[INFO] - (None): X: 438 Y: 239
[INFO] - (None): X: 438 Y: 238
[INFO] - (None): X: 439 Y: 236
[INFO] - (None): X: 440 Y: 235
[INFO] - (None): X: 440 Y: 234
[INFO] - (None): X: 442 Y: 234
[INFO] - (None): X: 442 Y: 232
[INFO] - (None): X: 443 Y: 231
[INFO] - (None): X: 445 Y: 231
[INFO] - (None): X: 445 Y: 230
[INFO] - (None): X: 446 Y: 230
[INFO] - (None): X: 448 Y: 230
[INFO] - (None): X: 449 Y: 229
[INFO] - (None): X: 450 Y: 229
[INFO] - (None): X: 451 Y: 229
[INFO] - (None): X: 451 Y: 227
[INFO] - (None): X: 452 Y: 227
[INFO] - (None): X: 453 Y: 227
[INFO] - (None): X: 453 Y: 226
[INFO] - (None): X: 454 Y: 226
[INFO] - (None): X: 455 Y: 226
[INFO] - (None): X: 456 Y: 226
[INFO] - (None): X: 456 Y: 225
[INFO] - (None): X: 457 Y: 225
[INFO] - (None): X: 458 Y: 225
[INFO] - (None): X: 459 Y: 225
[INFO] - (None): X: 459 Y: 224
[INFO] - (None): X: 461 Y: 224
[INFO] - (None): X: 462 Y: 224
[INFO] - (None): X: 462 Y: 223
[INFO] - (None): X: 463 Y: 223
[INFO] - (None): X: 464 Y: 223
[INFO] - (None): X: 465 Y: 223
[INFO] - (None): X: 465 Y: 222
[INFO] - (None): X: 466 Y: 222
[INFO] - (None): X: 468 Y: 222
[INFO] - (None): X: 468 Y: 221
[INFO] - (None): X: 469 Y: 221
[INFO] - (None): X: 470 Y: 221
[INFO] - (None): X: 470 Y: 220
[INFO] - (None): X: 472 Y: 220
[INFO] - (None): X: 473 Y: 220
[INFO] - (None): X: 474 Y: 220
[INFO] - (None): X: 475 Y: 220
[INFO] - (None): X: 476 Y: 220
[INFO] - (None): X: 477 Y: 218
[INFO] - (None): X: 478 Y: 218
[INFO] - (None): X: 479 Y: 218
[INFO] - (None): X: 480 Y: 218
[INFO] - (None): X: 482 Y: 218
[INFO] - (None): X: 483 Y: 218
[INFO] - (None): X: 485 Y: 218
[INFO] - (None): X: 486 Y: 218
[INFO] - (None): X: 487 Y: 218
[INFO] - (None): X: 489 Y: 218
[INFO] - (None): X: 490 Y: 218
[INFO] - (None): X: 492 Y: 218
[INFO] - (None): X: 493 Y: 218
[INFO] - (None): X: 495 Y: 218
[INFO] - (None): X: 496 Y: 218
[INFO] - (None): X: 497 Y: 218
[INFO] - (None): X: 499 Y: 218
[INFO] - (None): X: 501 Y: 218
[INFO] - (None): X: 503 Y: 218
[INFO] - (None): X: 504 Y: 218
[INFO] - (None): X: 505 Y: 218
[INFO] - (None): X: 507 Y: 218
[INFO] - (None): X: 508 Y: 218
[INFO] - (None): X: 510 Y: 218
[INFO] - (None): X: 511 Y: 218
[INFO] - (None): X: 513 Y: 218
[INFO] - (None): X: 514 Y: 218
[INFO] - (None): X: 516 Y: 218
[INFO] - (None): X: 517 Y: 218
[INFO] - (None): X: 518 Y: 218
[INFO] - (None): X: 519 Y: 218
[INFO] - (None): X: 520 Y: 218
[INFO] - (None): X: 521 Y: 218
[INFO] - (None): X: 523 Y: 218
[INFO] - (None): X: 524 Y: 218
[INFO] - (None): X: 526 Y: 218
[INFO] - (None): X: 527 Y: 218
[INFO] - (None): X: 528 Y: 218
[INFO] - (None): X: 530 Y: 218
[INFO] - (None): X: 531 Y: 218
[INFO] - (None): X: 532 Y: 218
[INFO] - (None): X: 533 Y: 218
[INFO] - (None): X: 535 Y: 218
[INFO] - (None): X: 536 Y: 218
[INFO] - (None): X: 537 Y: 218
[INFO] - (None): X: 538 Y: 218
[INFO] - (None): X: 539 Y: 218
[INFO] - (None): X: 541 Y: 218
[INFO] - (None): X: 542 Y: 218
[INFO] - (None): X: 543 Y: 218
[INFO] - (None): X: 544 Y: 218
[INFO] - (None): X: 545 Y: 218
[INFO] - (None): X: 546 Y: 218
[INFO] - (None): X: 548 Y: 218
[INFO] - (None): X: 549 Y: 218
[INFO] - (None): X: 550 Y: 218
[INFO] - (None): X: 551 Y: 218
[INFO] - (None): X: 552 Y: 218
[INFO] - (None): X: 554 Y: 218
[INFO] - (None): X: 555 Y: 218
[INFO] - (None): X: 556 Y: 218
[INFO] - (None): X: 557 Y: 218
[INFO] - (None): X: 559 Y: 218
[INFO] - (None): X: 560 Y: 218
[INFO] - (None): X: 562 Y: 218
[INFO] - (None): X: 563 Y: 218
[INFO] - (None): X: 565 Y: 218
[INFO] - (None): X: 566 Y: 218
[INFO] - (None): X: 568 Y: 218
[INFO] - (None): X: 569 Y: 218
[INFO] - (None): X: 571 Y: 218
[INFO] - (None): X: 571 Y: 220
[INFO] - (None): X: 572 Y: 220
[INFO] - (None): X: 574 Y: 220
[INFO] - (None): X: 575 Y: 220
[INFO] - (None): X: 576 Y: 220
[INFO] - (None): X: 578 Y: 220
[INFO] - (None): X: 579 Y: 220
[INFO] - (None): X: 580 Y: 220
[INFO] - (None): X: 581 Y: 220
[INFO] - (None): X: 581 Y: 222
[INFO] - (None): X: 583 Y: 222
[INFO] - (None): X: 584 Y: 222
[INFO] - (None): X: 586 Y: 222
[INFO] - (None): X: 587 Y: 222
[INFO] - (None): X: 588 Y: 223
[INFO] - (None): X: 589 Y: 223
[INFO] - (None): X: 590 Y: 223
[INFO] - (None): X: 591 Y: 223
[INFO] - (None): X: 592 Y: 223
[INFO] - (None): X: 593 Y: 223
[INFO] - (None): X: 594 Y: 223
[INFO] - (None): X: 595 Y: 223
[INFO] - (None): X: 597 Y: 224
[INFO] - (None): X: 598 Y: 224
[INFO] - (None): X: 599 Y: 224
[INFO] - (None): X: 600 Y: 224
[INFO] - (None): X: 601 Y: 224
[INFO] - (None): X: 602 Y: 224
[INFO] - (None): X: 603 Y: 224
[INFO] - (None): X: 604 Y: 224
[INFO] - (None): X: 604 Y: 225
[INFO] - (None): X: 606 Y: 225
[INFO] - (None): X: 607 Y: 225
[INFO] - (None): X: 608 Y: 225
[INFO] - (None): X: 609 Y: 225
[INFO] - (None): X: 611 Y: 227
[INFO] - (None): X: 612 Y: 227
[INFO] - (None): X: 614 Y: 228
[INFO] - (None): X: 616 Y: 228
[INFO] - (None): X: 617 Y: 228
[INFO] - (None): X: 618 Y: 230
[INFO] - (None): X: 620 Y: 230
[INFO] - (None): X: 621 Y: 230
[INFO] - (None): X: 621 Y: 231
[INFO] - (None): X: 623 Y: 231
[INFO] - (None): X: 624 Y: 231
[INFO] - (None): X: 625 Y: 231
[INFO] - (None): X: 627 Y: 231
[INFO] - (None): X: 627 Y: 232
[INFO] - (None): X: 628 Y: 232
[INFO] - (None): X: 630 Y: 232
[INFO] - (None): X: 632 Y: 232
[INFO] - (None): X: 633 Y: 234
[INFO] - (None): X: 634 Y: 234
[INFO] - (None): X: 636 Y: 234
[INFO] - (None): X: 637 Y: 234
[INFO] - (None): X: 637 Y: 235
[INFO] - (None): X: 638 Y: 235
[INFO] - (None): X: 640 Y: 235
[INFO] - (None): X: 641 Y: 235
[INFO] - (None): X: 641 Y: 236
[INFO] - (None): X: 642 Y: 236
[INFO] - (None): X: 643 Y: 236
[INFO] - (None): X: 644 Y: 236
[INFO] - (None): X: 644 Y: 237
[INFO] - (None): X: 644 Y: 238
[INFO] - (None): X: 644 Y: 239
[INFO] - (None): X: 644 Y: 241
[INFO] - (None): X: 644 Y: 242
[INFO] - (None): X: 645 Y: 244
[INFO] - (None): X: 645 Y: 245
[INFO] - (None): X: 645 Y: 247
[INFO] - (None): X: 647 Y: 247
[INFO] - (None): X: 647 Y: 248
[INFO] - (None): X: 647 Y: 250
[INFO] - (None): X: 647 Y: 252
[INFO] - (None): X: 649 Y: 254
[INFO] - (None): X: 649 Y: 255
[INFO] - (None): X: 649 Y: 257
[INFO] - (None): X: 649 Y: 259
[INFO] - (None): X: 649 Y: 260
[INFO] - (None): X: 649 Y: 262
[INFO] - (None): X: 651 Y: 263
[INFO] - (None): X: 651 Y: 265
[INFO] - (None): X: 651 Y: 266
[INFO] - (None): X: 651 Y: 268
[INFO] - (None): X: 652 Y: 268
[INFO] - (None): X: 652 Y: 270
[INFO] - (None): X: 652 Y: 271
[INFO] - (None): X: 652 Y: 273
[INFO] - (None): X: 652 Y: 274
[INFO] - (None): X: 654 Y: 276
[INFO] - (None): X: 654 Y: 277
[INFO] - (None): X: 654 Y: 279
[INFO] - (None): X: 654 Y: 280
[INFO] - (None): X: 654 Y: 282
[INFO] - (None): X: 654 Y: 283
[INFO] - (None): X: 655 Y: 283
[INFO] - (None): X: 655 Y: 285
[INFO] - (None): X: 655 Y: 286
[INFO] - (None): X: 655 Y: 287
[INFO] - (None): X: 655 Y: 289
[INFO] - (None): X: 655 Y: 290
[INFO] - (None): X: 655 Y: 291
[INFO] - (None): X: 654 Y: 291
[INFO] - (None): X: 654 Y: 293
[INFO] - (None): X: 654 Y: 295
[INFO] - (None): X: 654 Y: 296
[INFO] - (None): X: 654 Y: 297
[INFO] - (None): X: 654 Y: 299
[INFO] - (None): X: 654 Y: 300
[INFO] - (None): X: 654 Y: 301
[INFO] - (None): X: 654 Y: 302
[INFO] - (None): X: 654 Y: 303
[INFO] - (None): X: 654 Y: 304
[INFO] - (None): X: 652 Y: 304
[INFO] - (None): X: 652 Y: 305
[INFO] - (None): X: 651 Y: 307
[INFO] - (None): X: 651 Y: 308
[INFO] - (None): X: 651 Y: 310
[INFO] - (None): X: 651 Y: 311
[INFO] - (None): X: 651 Y: 312
[INFO] - (None): X: 650 Y: 312
[INFO] - (None): X: 650 Y: 313
[INFO] - (None): X: 650 Y: 315
[INFO] - (None): X: 648 Y: 315
[INFO] - (None): X: 648 Y: 316
[INFO] - (None): X: 648 Y: 318
[INFO] - (None): X: 647 Y: 318
[INFO] - (None): X: 647 Y: 319
[INFO] - (None): X: 647 Y: 321
[INFO] - (None): X: 646 Y: 322
[INFO] - (None): X: 645 Y: 323
[INFO] - (None): X: 644 Y: 324
[INFO] - (None): X: 644 Y: 325
[INFO] - (None): X: 642 Y: 325
[INFO] - (None): X: 642 Y: 327
[INFO] - (None): X: 642 Y: 328
[INFO] - (None): X: 641 Y: 328
[INFO] - (None): X: 639 Y: 330
[INFO] - (None): X: 639 Y: 332
[INFO] - (None): X: 639 Y: 333
[INFO] - (None): X: 637 Y: 335
[INFO] - (None): X: 636 Y: 335
[INFO] - (None): X: 636 Y: 336
[INFO] - (None): X: 635 Y: 337
[INFO] - (None): X: 635 Y: 338
[INFO] - (None): X: 634 Y: 339
[INFO] - (None): X: 633 Y: 341
[INFO] - (None): X: 633 Y: 342
[INFO] - (None): X: 631 Y: 343
[INFO] - (None): X: 631 Y: 345
[INFO] - (None): X: 630 Y: 346
[INFO] - (None): X: 629 Y: 346
[INFO] - (None): X: 629 Y: 347
[INFO] - (None): X: 627 Y: 347
[INFO] - (None): X: 627 Y: 349
[INFO] - (None): X: 626 Y: 350
[INFO] - (None): X: 626 Y: 351
[INFO] - (None): X: 625 Y: 352
[INFO] - (None): X: 625 Y: 353
[INFO] - (None): X: 624 Y: 353
[INFO] - (None): X: 624 Y: 354
[INFO] - (None): X: 623 Y: 354
[INFO] - (None): X: 623 Y: 356
[INFO] - (None): X: 621 Y: 357
[INFO] - (None): X: 621 Y: 358
[INFO] - (None): X: 620 Y: 358
[INFO] - (None): X: 620 Y: 359
[INFO] - (None): X: 619 Y: 359
[INFO] - (None): X: 619 Y: 360
[INFO] - (None): X: 618 Y: 360
[INFO] - (None): X: 618 Y: 362
[INFO] - (None): X: 616 Y: 362
[INFO] - (None): X: 615 Y: 362
[INFO] - (None): X: 613 Y: 363
[INFO] - (None): X: 612 Y: 363
[INFO] - (None): X: 612 Y: 365
[INFO] - (None): X: 610 Y: 365
[INFO] - (None): X: 610 Y: 366
[INFO] - (None): X: 609 Y: 366
[INFO] - (None): X: 607 Y: 368
[INFO] - (None): X: 606 Y: 368
[INFO] - (None): X: 605 Y: 368
[INFO] - (None): X: 603 Y: 369
[INFO] - (None): X: 602 Y: 369
[INFO] - (None): X: 600 Y: 369
[INFO] - (None): X: 599 Y: 371
[INFO] - (None): X: 597 Y: 371
[INFO] - (None): X: 596 Y: 371
[INFO] - (None): X: 594 Y: 371
[INFO] - (None): X: 591 Y: 371
[INFO] - (None): X: 591 Y: 373
[INFO] - (None): X: 589 Y: 373
[INFO] - (None): X: 587 Y: 373
[INFO] - (None): X: 586 Y: 373
[INFO] - (None): X: 585 Y: 373
[INFO] - (None): X: 581 Y: 373
[INFO] - (None): X: 581 Y: 374
[INFO] - (None): X: 580 Y: 374
[INFO] - (None): X: 578 Y: 374
[INFO] - (None): X: 577 Y: 374
[INFO] - (None): X: 575 Y: 374
[INFO] - (None): X: 572 Y: 374
[INFO] - (None): X: 570 Y: 374
[INFO] - (None): X: 569 Y: 374
[INFO] - (None): X: 567 Y: 376
[INFO] - (None): X: 566 Y: 376
[INFO] - (None): X: 564 Y: 376
[INFO] - (None): X: 563 Y: 376
[INFO] - (None): X: 563 Y: 377
[INFO] - (None): X: 561 Y: 377
[INFO] - (None): X: 560 Y: 377
[INFO] - (None): X: 558 Y: 377
[INFO] - (None): X: 557 Y: 377
[INFO] - (None): X: 556 Y: 377
[INFO] - (None): X: 555 Y: 377
[INFO] - (None): X: 555 Y: 379
[INFO] - (None): X: 553 Y: 379
[INFO] - (None): X: 552 Y: 379
[INFO] - (None): X: 551 Y: 380
[INFO] - (None): X: 550 Y: 380
[INFO] - (None): X: 548 Y: 380
[INFO] - (None): X: 547 Y: 380
[INFO] - (None): X: 546 Y: 380
[INFO] - (None): X: 546 Y: 381
[INFO] - (None): X: 545 Y: 381
[INFO] - (None): X: 543 Y: 381
[INFO] - (None): X: 542 Y: 381
[INFO] - (None): X: 541 Y: 381
[INFO] - (None): X: 541 Y: 382
[INFO] - (None): X: 540 Y: 382
[INFO] - (None): X: 538 Y: 382
[INFO] - (None): X: 537 Y: 382
[INFO] - (None): X: 536 Y: 382
[INFO] - (None): X: 536 Y: 383
[INFO] - (None): X: 535 Y: 383
[INFO] - (None): X: 533 Y: 383
[INFO] - (None): X: 532 Y: 383
[INFO] - (None): X: 531 Y: 383
[INFO] - (None): X: 530 Y: 383
[INFO] - (None): X: 529 Y: 383
[INFO] - (None): X: 528 Y: 383
[INFO] - (None): X: 527 Y: 383
[INFO] - (None): X: 526 Y: 383
[INFO] - (None): X: 524 Y: 383
[INFO] - (None): X: 523 Y: 383
[INFO] - (None): X: 523 Y: 385
[INFO] - (None): X: 521 Y: 385
[INFO] - (None): X: 519 Y: 385
[INFO] - (None): X: 518 Y: 385
[INFO] - (None): X: 517 Y: 385
[INFO] - (None): X: 516 Y: 385
[INFO] - (None): X: 514 Y: 385
[INFO] - (None): X: 513 Y: 385
[INFO] - (None): X: 512 Y: 385
[INFO] - (None): X: 511 Y: 385
[INFO] - (None): X: 510 Y: 385
[INFO] - (None): X: 509 Y: 385
[INFO] - (None): X: 508 Y: 385
[INFO] - (None): X: 506 Y: 385
[INFO] - (None): X: 505 Y: 385
[INFO] - (None): X: 504 Y: 385
[INFO] - (None): X: 504 Y: 386
[INFO] - (None): X: 503 Y: 386
[INFO] - (None): X: 502 Y: 386
[INFO] - (None): X: 501 Y: 386
[INFO] - (None): X: 500 Y: 386
[INFO] - (None): X: 499 Y: 386
[INFO] - (None): X: 498 Y: 386
[INFO] - (None): X: 497 Y: 386
[INFO] - (None): X: 496 Y: 386
[INFO] - (None): X: 495 Y: 386
[INFO] - (None): X: 494 Y: 386
[INFO] - (None): X: 493 Y: 386
[INFO] - (None): X: 492 Y: 386
[INFO] - (None): X: 491 Y: 386
[INFO] - (None): X: 490 Y: 386
[INFO] - (None): X: 489 Y: 386
[INFO] - (None): X: 488 Y: 384
[INFO] - (None): X: 486 Y: 384
[INFO] - (None): X: 485 Y: 384
[INFO] - (None): X: 484 Y: 384
[INFO] - (None): X: 483 Y: 383
[INFO] - (None): X: 482 Y: 383
[INFO] - (None): X: 481 Y: 383
[INFO] - (None): X: 480 Y: 382
[INFO] - (None): X: 479 Y: 382
[INFO] - (None): X: 478 Y: 382
[INFO] - (None): X: 478 Y: 381
[INFO] - (None): X: 477 Y: 381
[INFO] - (None): X: 476 Y: 381
[INFO] - (None): X: 475 Y: 381
[INFO] - (None): X: 475 Y: 380
[INFO] - (None): X: 474 Y: 380
[INFO] - (None): X: 473 Y: 380
[INFO] - (None): X: 473 Y: 379
[INFO] - (None): X: 471 Y: 379
[INFO] - (None): X: 470 Y: 379
[INFO] - (None): X: 470 Y: 378
[INFO] - (None): X: 469 Y: 378
[INFO] - (None): X: 468 Y: 378
[INFO] - (None): X: 468 Y: 377
[INFO] - (None): X: 467 Y: 377
[INFO] - (None): X: 466 Y: 376
[INFO] - (None): X: 466 Y: 375
[INFO] - (None): X: 465 Y: 375
[INFO] - (None): X: 463 Y: 375
[INFO] - (None): X: 463 Y: 374
[INFO] - (None): X: 462 Y: 373
[INFO] - (None): X: 462 Y: 372
[INFO] - (None): X: 461 Y: 372
[INFO] - (None): X: 461 Y: 370
[INFO] - (None): X: 460 Y: 370
[INFO] - (None): X: 460 Y: 369
[INFO] - (None): X: 459 Y: 369
[INFO] - (None): X: 459 Y: 368
[INFO] - (None): X: 458 Y: 368
[INFO] - (None): X: 458 Y: 367
[INFO] - (None): X: 457 Y: 367
[INFO] - (None): X: 457 Y: 366
[INFO] - (None): X: 457 Y: 365
[INFO] - (None): X: 456 Y: 365
[INFO] - (None): X: 456 Y: 364
[INFO] - (None): X: 455 Y: 364
[INFO] - (None): X: 455 Y: 362
[INFO] - (None): X: 454 Y: 362
[INFO] - (None): X: 454 Y: 361
[INFO] - (None): X: 454 Y: 360
[INFO] - (None): X: 452 Y: 360
[INFO] - (None): X: 452 Y: 359
[INFO] - (None): X: 451 Y: 359
[INFO] - (None): X: 451 Y: 358
[INFO] - (None): X: 450 Y: 358
[INFO] - (None): X: 450 Y: 357
[INFO] - (None): X: 449 Y: 357
[INFO] - (None): X: 449 Y: 356
[INFO] - (None): X: 449 Y: 355
[INFO] - (None): X: 448 Y: 355
[INFO] - (None): X: 448 Y: 354
[INFO] - (None): X: 447 Y: 353
[INFO] - (None): X: 447 Y: 352
[INFO] - (None): X: 446 Y: 351
[INFO] - (None): X: 446 Y: 350
[INFO] - (None): X: 446 Y: 349
[INFO] - (None): X: 445 Y: 349
[INFO] - (None): X: 445 Y: 348
[INFO] - (None): X: 445 Y: 347
[INFO] - (None): X: 445 Y: 346
[INFO] - (None): X: 444 Y: 346
[INFO] - (None): X: 444 Y: 345
[INFO] - (None): X: 443 Y: 345
[INFO] - (None): X: 443 Y: 344
[INFO] - (None): X: 443 Y: 343
[INFO] - (None): X: 442 Y: 343
[INFO] - (None): X: 442 Y: 342
[INFO] - (None): X: 442 Y: 341
[INFO] - (None): X: 442 Y: 340
[INFO] - (None): X: 442 Y: 339
[INFO] - (None): X: 442 Y: 338
[INFO] - (None): X: 442 Y: 337
[INFO] - (None): X: 442 Y: 336
[INFO] - (None): X: 442 Y: 335
[INFO] - (None): X: 442 Y: 334
[INFO] - (None): X: 442 Y: 333
[INFO] - (None): X: 442 Y: 332
[INFO] - (None): X: 442 Y: 331
[INFO] - (None): X: 442 Y: 329
[INFO] - (None): X: 442 Y: 328
[INFO] - (None): X: 442 Y: 327
[INFO] - (None): X: 442 Y: 326
[INFO] - (None): X: 442 Y: 325
[INFO] - (None): X: 442 Y: 324
[INFO] - (None): X: 443 Y: 323
[INFO] - (None): X: 443 Y: 322
[INFO] - (None): X: 443 Y: 321
[INFO] - (None): X: 444 Y: 320
[INFO] - (None): X: 445 Y: 319
[INFO] - (None): X: 445 Y: 318
[INFO] - (None): X: 446 Y: 317
[INFO] - (None): X: 448 Y: 315
[INFO] - (None): X: 448 Y: 314
[INFO] - (None): X: 449 Y: 314
[INFO] - (None): X: 449 Y: 313
[INFO] - (None): X: 450 Y: 312
[INFO] - (None): X: 450 Y: 311
[INFO] - (None): X: 451 Y: 311
[INFO] - (None): X: 451 Y: 310
[INFO] - (None): X: 452 Y: 310
[INFO] - (None): X: 452 Y: 309
[INFO] - (None): X: 454 Y: 309
[INFO] - (None): X: 455 Y: 307
[INFO] - (None): X: 456 Y: 307
[INFO] - (None): X: 456 Y: 306
[INFO] - (None): X: 457 Y: 306
[INFO] - (None): X: 460 Y: 304
[INFO] - (None): X: 461 Y: 304
[INFO] - (None): X: 463 Y: 303
[INFO] - (None): X: 464 Y: 303
[INFO] - (None): X: 464 Y: 302
[INFO] - (None): X: 465 Y: 302
[INFO] - (None): X: 467 Y: 302
[INFO] - (None): X: 468 Y: 301
[INFO] - (None): X: 470 Y: 301
[INFO] - (None): X: 471 Y: 301
[INFO] - (None): X: 473 Y: 301
[INFO] - (None): X: 474 Y: 299
[INFO] - (None): X: 476 Y: 299
[INFO] - (None): X: 478 Y: 299
[INFO] - (None): X: 478 Y: 298
[INFO] - (None): X: 479 Y: 298
[INFO] - (None): X: 481 Y: 298
[INFO] - (None): X: 482 Y: 298
[INFO] - (None): X: 484 Y: 298
[INFO] - (None): X: 486 Y: 296
[INFO] - (None): X: 487 Y: 296
[INFO] - (None): X: 489 Y: 296
[INFO] - (None): X: 490 Y: 296
[INFO] - (None): X: 492 Y: 296
[INFO] - (None): X: 493 Y: 296
[INFO] - (None): X: 495 Y: 296
[INFO] - (None): X: 495 Y: 294
[INFO] - (None): X: 497 Y: 294
[INFO] - (None): X: 498 Y: 294
[INFO] - (None): X: 500 Y: 294
[INFO] - (None): X: 502 Y: 294
[INFO] - (None): X: 503 Y: 294
[INFO] - (None): X: 505 Y: 292
[INFO] - (None): X: 507 Y: 292
[INFO] - (None): X: 509 Y: 292
[INFO] - (None): X: 510 Y: 292
[INFO] - (None): X: 512 Y: 292
[INFO] - (None): X: 514 Y: 292
[INFO] - (None): X: 515 Y: 292
[INFO] - (None): X: 517 Y: 292
[INFO] - (None): X: 518 Y: 292
[INFO] - (None): X: 522 Y: 290
[INFO] - (None): X: 524 Y: 290
[INFO] - (None): X: 526 Y: 290
[INFO] - (None): X: 527 Y: 290
[INFO] - (None): X: 529 Y: 288
[INFO] - (None): X: 531 Y: 288
[INFO] - (None): X: 533 Y: 288
[INFO] - (None): X: 534 Y: 288
[INFO] - (None): X: 536 Y: 288
[INFO] - (None): X: 538 Y: 288
[INFO] - (None): X: 542 Y: 288
[INFO] - (None): X: 544 Y: 288
[INFO] - (None): X: 545 Y: 286
[INFO] - (None): X: 547 Y: 286
[INFO] - (None): X: 549 Y: 286
[INFO] - (None): X: 551 Y: 286
[INFO] - (None): X: 552 Y: 285
[INFO] - (None): X: 554 Y: 285
[INFO] - (None): X: 555 Y: 285
[INFO] - (None): X: 557 Y: 285
[INFO] - (None): X: 559 Y: 285
[INFO] - (None): X: 560 Y: 285
[INFO] - (None): X: 562 Y: 285
[INFO] - (None): X: 565 Y: 285
[INFO] - (None): X: 567 Y: 285
[INFO] - (None): X: 568 Y: 283
[INFO] - (None): X: 570 Y: 283
[INFO] - (None): X: 572 Y: 283
[INFO] - (None): X: 573 Y: 283
[INFO] - (None): X: 575 Y: 282
[INFO] - (None): X: 579 Y: 282
[INFO] - (None): X: 581 Y: 282
[INFO] - (None): X: 582 Y: 282
[INFO] - (None): X: 584 Y: 282
[INFO] - (None): X: 585 Y: 282
[INFO] - (None): X: 587 Y: 280
[INFO] - (None): X: 588 Y: 280
[INFO] - (None): X: 590 Y: 280
[INFO] - (None): X: 591 Y: 280
[INFO] - (None): X: 593 Y: 278
[INFO] - (None): X: 595 Y: 278
[INFO] - (None): X: 596 Y: 278
[INFO] - (None): X: 597 Y: 278
[INFO] - (None): X: 599 Y: 278
[INFO] - (None): X: 600 Y: 278
[INFO] - (None): X: 602 Y: 278
[INFO] - (None): X: 604 Y: 277
[INFO] - (None): X: 605 Y: 277
[INFO] - (None): X: 606 Y: 277
[INFO] - (None): X: 607 Y: 277
[INFO] - (None): X: 609 Y: 277
[INFO] - (None): X: 610 Y: 277
[INFO] - (None): X: 612 Y: 277
[INFO] - (None): X: 612 Y: 275
[INFO] - (None): X: 613 Y: 275
[INFO] - (None): X: 615 Y: 275
[INFO] - (None): X: 617 Y: 275
[INFO] - (None): X: 618 Y: 274
[INFO] - (None): X: 620 Y: 274
[INFO] - (None): X: 621 Y: 274
[INFO] - (None): X: 623 Y: 274
[INFO] - (None): X: 624 Y: 274
[INFO] - (None): X: 626 Y: 274
[INFO] - (None): X: 627 Y: 272
[INFO] - (None): X: 631 Y: 272
[INFO] - (None): X: 633 Y: 272
[INFO] - (None): X: 634 Y: 272
[INFO] - (None): X: 636 Y: 272
[INFO] - (None): X: 637 Y: 272
[INFO] - (None): X: 639 Y: 272
[INFO] - (None): X: 640 Y: 272
[INFO] - (None): X: 642 Y: 272
[INFO] - (None): X: 643 Y: 271
[INFO] - (None): X: 645 Y: 271
[INFO] - (None): X: 647 Y: 271
[INFO] - (None): X: 649 Y: 271
[INFO] - (None): X: 650 Y: 271
[INFO] - (None): X: 652 Y: 271
[INFO] - (None): X: 654 Y: 271
[INFO] - (None): X: 657 Y: 271
[INFO] - (None): X: 659 Y: 269
[INFO] - (None): X: 661 Y: 269
[INFO] - (None): X: 663 Y: 269
[INFO] - (None): X: 665 Y: 269
[INFO] - (None): X: 666 Y: 269
[INFO] - (None): X: 670 Y: 269
[INFO] - (None): X: 672 Y: 269
[INFO] - (None): X: 673 Y: 269
[INFO] - (None): X: 677 Y: 267
[INFO] - (None): X: 679 Y: 267
[INFO] - (None): X: 680 Y: 267
[INFO] - (None): X: 682 Y: 267
[INFO] - (None): X: 684 Y: 267
[INFO] - (None): X: 685 Y: 267
[INFO] - (None): X: 687 Y: 265
[INFO] - (None): X: 689 Y: 265
[INFO] - (None): X: 693 Y: 265
[INFO] - (None): X: 695 Y: 265
[INFO] - (None): X: 697 Y: 265
[INFO] - (None): X: 698 Y: 265
[INFO] - (None): X: 700 Y: 265
[INFO] - (None): X: 702 Y: 265
[INFO] - (None): X: 703 Y: 263
[INFO] - (None): X: 705 Y: 263
[INFO] - (None): X: 709 Y: 263
[INFO] - (None): X: 711 Y: 263
[INFO] - (None): X: 713 Y: 263
[INFO] - (None): X: 715 Y: 263
[INFO] - (None): X: 716 Y: 263
[INFO] - (None): X: 718 Y: 263
[INFO] - (None): X: 720 Y: 261
[INFO] - (None): X: 722 Y: 261
[INFO] - (None): X: 723 Y: 261
[INFO] - (None): X: 725 Y: 261
[INFO] - (None): X: 727 Y: 261
[INFO] - (None): X: 728 Y: 261
[INFO] - (None): X: 732 Y: 261
[INFO] - (None): X: 734 Y: 261
[INFO] - (None): X: 737 Y: 261
[INFO] - (None): X: 737 Y: 259
[INFO] - (None): X: 741 Y: 259
[INFO] - (None): X: 743 Y: 259
[INFO] - (None): X: 744 Y: 259
[INFO] - (None): X: 746 Y: 258
[INFO] - (None): X: 748 Y: 258
[INFO] - (None): X: 750 Y: 258
[INFO] - (None): X: 751 Y: 258
[INFO] - (None): X: 755 Y: 258
[INFO] - (None): X: 756 Y: 258
[INFO] - (None): X: 758 Y: 256
[INFO] - (None): X: 762 Y: 256
[INFO] - (None): X: 764 Y: 256
[INFO] - (None): X: 766 Y: 256
[INFO] - (None): X: 768 Y: 256
[INFO] - (None): X: 769 Y: 256
[INFO] - (None): X: 771 Y: 256
[INFO] - (None): X: 773 Y: 256
[INFO] - (None): X: 774 Y: 256
[INFO] - (None): X: 776 Y: 254
[INFO] - (None): X: 778 Y: 254
[INFO] - (None): X: 780 Y: 254
[INFO] - (None): X: 783 Y: 254
[INFO] - (None): X: 785 Y: 254
[INFO] - (None): X: 789 Y: 254
[INFO] - (None): X: 791 Y: 254
[INFO] - (None): X: 795 Y: 254
[INFO] - (None): X: 797 Y: 254
[INFO] - (None): X: 798 Y: 254
[INFO] - (None): X: 799 Y: 254
[INFO] - (None): X: 795 Y: 76
[INFO] - (None): X: 792 Y: 76
[INFO] - (None): X: 790 Y: 76
[INFO] - (None): X: 788 Y: 76
[INFO] - (None): X: 787 Y: 76
[INFO] - (None): X: 787 Y: 77
[INFO] - (None): X: 785 Y: 77
[INFO] - (None): X: 783 Y: 77
[INFO] - (None): X: 782 Y: 77
[INFO] - (None): X: 780 Y: 79
[INFO] - (None): X: 779 Y: 79
[INFO] - (None): X: 777 Y: 79
[INFO] - (None): X: 776 Y: 79
[INFO] - (None): X: 775 Y: 79
[INFO] - (None): X: 774 Y: 79
[INFO] - (None): X: 772 Y: 79
[INFO] - (None): X: 771 Y: 79
[INFO] - (None): X: 770 Y: 79
[INFO] - (None): X: 769 Y: 79
[INFO] - (None): X: 767 Y: 79
[INFO] - (None): X: 766 Y: 79
[INFO] - (None): X: 765 Y: 79
[INFO] - (None): X: 764 Y: 79
[INFO] - (None): X: 762 Y: 79
[INFO] - (None): X: 761 Y: 79
[INFO] - (None): X: 760 Y: 79
[INFO] - (None): X: 759 Y: 79
[INFO] - (None): X: 758 Y: 79
[INFO] - (None): X: 757 Y: 79
[INFO] - (None): X: 755 Y: 79
[INFO] - (None): X: 754 Y: 77
[INFO] - (None): X: 752 Y: 77
[INFO] - (None): X: 751 Y: 77
[INFO] - (None): X: 750 Y: 77
[INFO] - (None): X: 748 Y: 77
[INFO] - (None): X: 747 Y: 77
[INFO] - (None): X: 746 Y: 77
[INFO] - (None): X: 744 Y: 77
[INFO] - (None): X: 743 Y: 77
[INFO] - (None): X: 741 Y: 77
[INFO] - (None): X: 741 Y: 76
[INFO] - (None): X: 740 Y: 76
[INFO] - (None): X: 738 Y: 76
[INFO] - (None): X: 736 Y: 76
[INFO] - (None): X: 735 Y: 76
[INFO] - (None): X: 733 Y: 76
[INFO] - (None): X: 731 Y: 76
[INFO] - (None): X: 730 Y: 76
[INFO] - (None): X: 728 Y: 76
[INFO] - (None): X: 726 Y: 76
[INFO] - (None): X: 725 Y: 76
[INFO] - (None): X: 721 Y: 76
[INFO] - (None): X: 719 Y: 76
[INFO] - (None): X: 715 Y: 76
[INFO] - (None): X: 713 Y: 76
[INFO] - (None): X: 711 Y: 76
[INFO] - (None): X: 710 Y: 76
[INFO] - (None): X: 706 Y: 74
[INFO] - (None): X: 704 Y: 74
[INFO] - (None): X: 702 Y: 74
[INFO] - (None): X: 700 Y: 74
[INFO] - (None): X: 697 Y: 74
[INFO] - (None): X: 695 Y: 74
[INFO] - (None): X: 691 Y: 74
[INFO] - (None): X: 689 Y: 74
[INFO] - (None): X: 685 Y: 74
[INFO] - (None): X: 683 Y: 74
[INFO] - (None): X: 679 Y: 74
[INFO] - (None): X: 677 Y: 74
[INFO] - (None): X: 673 Y: 72
[INFO] - (None): X: 669 Y: 72
[INFO] - (None): X: 667 Y: 72
[INFO] - (None): X: 666 Y: 72
[INFO] - (None): X: 664 Y: 72
[INFO] - (None): X: 662 Y: 72
[INFO] - (None): X: 658 Y: 72
[INFO] - (None): X: 658 Y: 70
[INFO] - (None): X: 655 Y: 70
[INFO] - (None): X: 653 Y: 70
[INFO] - (None): X: 651 Y: 70
[INFO] - (None): X: 649 Y: 70
[INFO] - (None): X: 648 Y: 70
[INFO] - (None): X: 646 Y: 68
[INFO] - (None): X: 644 Y: 68
[INFO] - (None): X: 642 Y: 68
[INFO] - (None): X: 641 Y: 68
[INFO] - (None): X: 637 Y: 68
[INFO] - (None): X: 635 Y: 66
[INFO] - (None): X: 633 Y: 66
[INFO] - (None): X: 631 Y: 66
[INFO] - (None): X: 629 Y: 64
[INFO] - (None): X: 627 Y: 64
[INFO] - (None): X: 626 Y: 64
[INFO] - (None): X: 624 Y: 62
[INFO] - (None): X: 620 Y: 62
[INFO] - (None): X: 619 Y: 62
[INFO] - (None): X: 616 Y: 61
[INFO] - (None): X: 614 Y: 61
[INFO] - (None): X: 613 Y: 61
[INFO] - (None): X: 611 Y: 59
[INFO] - (None): X: 610 Y: 59
[INFO] - (None): X: 608 Y: 58
[INFO] - (None): X: 606 Y: 58
[INFO] - (None): X: 605 Y: 58
[INFO] - (None): X: 605 Y: 56
[INFO] - (None): X: 603 Y: 56
[INFO] - (None): X: 602 Y: 56
[INFO] - (None): X: 602 Y: 55
[INFO] - (None): X: 600 Y: 55
[INFO] - (None): X: 598 Y: 53
[INFO] - (None): X: 597 Y: 53
[INFO] - (None): X: 597 Y: 52
[INFO] - (None): X: 593 Y: 52
[INFO] - (None): X: 591 Y: 52
[INFO] - (None): X: 589 Y: 50
[INFO] - (None): X: 588 Y: 48
[INFO] - (None): X: 586 Y: 48
[INFO] - (None): X: 584 Y: 48
[INFO] - (None): X: 584 Y: 47
[INFO] - (None): X: 583 Y: 47
[INFO] - (None): X: 582 Y: 47
[INFO] - (None): X: 580 Y: 45
[INFO] - (None): X: 579 Y: 44
[INFO] - (None): X: 578 Y: 44
[INFO] - (None): X: 576 Y: 42
[INFO] - (None): X: 576 Y: 41
[INFO] - (None): X: 575 Y: 41
[INFO] - (None): X: 571 Y: 41
[INFO] - (None): X: 571 Y: 39
[INFO] - (None): X: 570 Y: 39
[INFO] - (None): X: 570 Y: 37
[INFO] - (None): X: 568 Y: 37
[INFO] - (None): X: 566 Y: 37
[INFO] - (None): X: 566 Y: 36
[INFO] - (None): X: 565 Y: 36
[INFO] - (None): X: 563 Y: 34
[INFO] - (None): X: 562 Y: 33
[INFO] - (None): X: 560 Y: 31
[INFO] - (None): X: 559 Y: 30
[INFO] - (None): X: 558 Y: 30
[INFO] - (None): X: 558 Y: 29
[INFO] - (None): X: 556 Y: 29
[INFO] - (None): X: 554 Y: 27
[INFO] - (None): X: 552 Y: 25
[INFO] - (None): X: 550 Y: 23
[INFO] - (None): X: 549 Y: 21
[INFO] - (None): X: 547 Y: 19
[INFO] - (None): X: 545 Y: 19
[INFO] - (None): X: 545 Y: 18
[INFO] - (None): X: 544 Y: 16
[INFO] - (None): X: 544 Y: 15
[INFO] - (None): X: 542 Y: 15
[INFO] - (None): X: 542 Y: 13
[INFO] - (None): X: 540 Y: 11
[INFO] - (None): X: 538 Y: 11
[INFO] - (None): X: 538 Y: 10
[INFO] - (None): X: 536 Y: 10
[INFO] - (None): X: 535 Y: 8
[INFO] - (None): X: 533 Y: 4
[INFO] - (None): X: 531 Y: 4
[INFO] - (None): X: 531 Y: 2
[INFO] - (None): X: 529 Y: 1
[INFO] - (None): X: 528 Y: 1
[INFO] - (None): X: 528 Y: 0
[INFO] - (None): X: 999 Y: 183
[INFO] - (None): X: 998 Y: 183
[INFO] - (None): X: 997 Y: 184
[INFO] - (None): X: 996 Y: 184
[INFO] - (None): X: 996 Y: 186
[INFO] - (None): X: 996 Y: 187
[INFO] - (None): X: 994 Y: 187
[INFO] - (None): X: 994 Y: 188
[INFO] - (None): X: 994 Y: 189
[INFO] - (None): X: 994 Y: 191
[INFO] - (None): X: 993 Y: 191
[INFO] - (None): X: 993 Y: 192
[INFO] - (None): X: 993 Y: 193
[INFO] - (None): X: 993 Y: 194
[INFO] - (None): X: 993 Y: 193
[INFO] - (None): X: 994 Y: 193
[INFO] - (None): X: 995 Y: 193
[INFO] - (None): X: 996 Y: 193
[INFO] - (None): X: 996 Y: 192
[INFO] - (None): X: 997 Y: 192
[INFO] - (None): X: 998 Y: 192
[INFO] - (None): X: 998 Y: 191
[INFO] - (None): X: 999 Y: 191
[INFO] - (None): X: 999 Y: 190
[INFO] - (None): X: 1000 Y: 190
[INFO] - (None): X: 1000 Y: 189
[INFO] - (None): X: 1000 Y: 187
[INFO] - (None): X: 1002 Y: 187
[INFO] - (None): X: 1002 Y: 186
[INFO] - (None): X: 1003 Y: 186
[INFO] - (None): X: 1003 Y: 185
[INFO] - (None): X: 1003 Y: 184
[INFO] - (None): X: 1003 Y: 183
[INFO] - (None): X: 1004 Y: 183
[INFO] - (None): X: 1004 Y: 181
[INFO] - (None): X: 1005 Y: 181
[INFO] - (None): X: 1005 Y: 180
[INFO] - (None): X: 1005 Y: 178
[INFO] - (None): X: 1005 Y: 177
[INFO] - (None): X: 1005 Y: 176
[INFO] - (None): X: 1005 Y: 174
[INFO] - (None): X: 1007 Y: 173
[INFO] - (None): X: 1007 Y: 169
[INFO] - (None): X: 1007 Y: 167
[INFO] - (None): X: 1009 Y: 166
[INFO] - (None): X: 1009 Y: 164
[INFO] - (None): X: 1009 Y: 163
[INFO] - (None): X: 1009 Y: 161
[INFO] - (None): X: 1009 Y: 160
[INFO] - (None): X: 1009 Y: 158
[INFO] - (None): X: 1009 Y: 156
[INFO] - (None): X: 1009 Y: 155
[INFO] - (None): X: 1009 Y: 153
[INFO] - (None): X: 1010 Y: 151
[INFO] - (None): X: 1010 Y: 149
[INFO] - (None): X: 1010 Y: 148
[INFO] - (None): X: 1010 Y: 146
[INFO] - (None): X: 1010 Y: 144
[INFO] - (None): X: 1010 Y: 143
[INFO] - (None): X: 1010 Y: 141
[INFO] - (None): X: 1010 Y: 139
[INFO] - (None): X: 1010 Y: 138
[INFO] - (None): X: 1010 Y: 136
[INFO] - (None): X: 1010 Y: 134
[INFO] - (None): X: 1012 Y: 132
[INFO] - (None): X: 1012 Y: 128
[INFO] - (None): X: 1012 Y: 126
[INFO] - (None): X: 1012 Y: 125
[INFO] - (None): X: 1012 Y: 123
[INFO] - (None): X: 1012 Y: 122
[INFO] - (None): X: 1014 Y: 120
[INFO] - (None): X: 1014 Y: 118
[INFO] - (None): X: 1014 Y: 116
[INFO] - (None): X: 1014 Y: 114
[INFO] - (None): X: 1014 Y: 113
[INFO] - (None): X: 1014 Y: 109
[INFO] - (None): X: 1014 Y: 107
[INFO] - (None): X: 1014 Y: 105
[INFO] - (None): X: 1014 Y: 104
[INFO] - (None): X: 1014 Y: 102
[INFO] - (None): X: 1016 Y: 98
[INFO] - (None): X: 1016 Y: 94
[INFO] - (None): X: 1018 Y: 92
[INFO] - (None): X: 1018 Y: 90
[INFO] - (None): X: 1018 Y: 89
[INFO] - (None): X: 1020 Y: 85
[INFO] - (None): X: 1020 Y: 83
[INFO] - (None): X: 1020 Y: 81
[INFO] - (None): X: 1020 Y: 80
[INFO] - (None): X: 1022 Y: 78
[INFO] - (None): X: 1022 Y: 76
[INFO] - (None): X: 1022 Y: 74
[INFO] - (None): X: 1022 Y: 73
[INFO] - (None): X: 1024 Y: 71
[INFO] - (None): X: 1024 Y: 69
[INFO] - (None): X: 1024 Y: 68
[INFO] - (None): X: 1026 Y: 66
[INFO] - (None): X: 1026 Y: 64
[INFO] - (None): X: 1026 Y: 63
[INFO] - (None): X: 1027 Y: 63
[INFO] - (None): X: 1027 Y: 62
[INFO] - (None): X: 1027 Y: 60
[INFO] - (None): X: 1028 Y: 60
[INFO] - (None): X: 1028 Y: 59
[INFO] - (None): X: 1028 Y: 58
[INFO] - (None): X: 1028 Y: 57
[INFO] - (None): X: 1029 Y: 57
[INFO] - (None): X: 1029 Y: 56
[INFO] - (None): X: 1030 Y: 56
[INFO] - (None): X: 1030 Y: 54
[INFO] - (None): X: 1030 Y: 53
[INFO] - (None): X: 1031 Y: 52
[INFO] - (None): X: 1032 Y: 52
[INFO] - (None): X: 1032 Y: 50
[INFO] - (None): X: 1032 Y: 49
[INFO] - (None): X: 1032 Y: 48
[INFO] - (None): X: 1032 Y: 47
[INFO] - (None): X: 1034 Y: 47
[INFO] - (None): X: 1034 Y: 46
[INFO] - (None): X: 1034 Y: 44
[INFO] - (None): X: 1034 Y: 43
[INFO] - (None): X: 1035 Y: 41
[INFO] - (None): X: 1035 Y: 40
[INFO] - (None): X: 1035 Y: 39
[INFO] - (None): X: 1036 Y: 39
[INFO] - (None): X: 1036 Y: 37
[INFO] - (None): X: 1036 Y: 35
[INFO] - (None): X: 1036 Y: 34
[INFO] - (None): X: 1037 Y: 34
[INFO] - (None): X: 1037 Y: 32
[INFO] - (None): X: 1037 Y: 31
[INFO] - (None): X: 1039 Y: 29
[INFO] - (None): X: 1039 Y: 28
[INFO] - (None): X: 1039 Y: 26
[INFO] - (None): X: 1040 Y: 26
[INFO] - (None): X: 1040 Y: 25
[INFO] - (None): X: 1042 Y: 25
[INFO] - (None): X: 1042 Y: 23
[INFO] - (None): X: 1042 Y: 22
[INFO] - (None): X: 1042 Y: 21
[INFO] - (None): X: 1042 Y: 20
[INFO] - (None): X: 1042 Y: 19
[INFO] - (None): X: 1043 Y: 19
[INFO] - (None): X: 1043 Y: 17
[INFO] - (None): X: 1043 Y: 16
[INFO] - (None): X: 1043 Y: 15
[INFO] - (None): X: 1043 Y: 14
[INFO] - (None): X: 1043 Y: 13
[INFO] - (None): X: 1043 Y: 12
[INFO] - (None): X: 1043 Y: 11
[INFO] - (None): X: 1043 Y: 10
[INFO] - (None): X: 1042 Y: 10
[INFO] - (None): X: 1042 Y: 9
[INFO] - (None): X: 1042 Y: 8
[INFO] - (None): X: 1042 Y: 7
[INFO] - (None): X: 1041 Y: 6
[INFO] - (None): X: 1041 Y: 5
[INFO] - (None): X: 1041 Y: 4
[INFO] - (None): X: 1041 Y: 3
[INFO] - (None): X: 1040 Y: 2
[INFO] - (None): X: 1040 Y: 1
[INFO] - (None): X: 1040 Y: 0
[INFO] - (None): X: 1039 Y: 0
[INFO] - (None): X: 757 Y: 0
[INFO] - (None): X: 757 Y: 1
[INFO] - (None): X: 759 Y: 1
[INFO] - (None): X: 759 Y: 2
[INFO] - (None): X: 759 Y: 3
[INFO] - (None): X: 760 Y: 3
[INFO] - (None): X: 761 Y: 3
[INFO] - (None): X: 761 Y: 4
[INFO] - (None): X: 761 Y: 5
[INFO] - (None): X: 762 Y: 5
[INFO] - (None): X: 763 Y: 5
[INFO] - (None): X: 763 Y: 4
[INFO] - (None): X: 764 Y: 4
[INFO] - (None): X: 765 Y: 4
[INFO] - (None): X: 765 Y: 3
[INFO] - (None): X: 766 Y: 3
[INFO] - (None): X: 767 Y: 3
[INFO] - (None): X: 767 Y: 2
[INFO] - (None): X: 768 Y: 2
[INFO] - (None): X: 769 Y: 2
[INFO] - (None): X: 770 Y: 1
[INFO] - (None): X: 770 Y: 0
[INFO] - (None): X: 772 Y: 0
[INFO] - (None): X: 772 Y: 0
[ERROR] - (None): Could not find the vertex shader file.
[INFO] - (None): X: 793 Y: 144
[INFO] - (None): X: 787 Y: 140
[INFO] - (None): X: 783 Y: 138
[INFO] - (None): X: 781 Y: 134
[INFO] - (None): X: 777 Y: 132
[INFO] - (None): X: 773 Y: 128
[INFO] - (None): X: 769 Y: 126
[INFO] - (None): X: 765 Y: 124
[INFO] - (None): X: 761 Y: 120
[INFO] - (None): X: 757 Y: 116
[INFO] - (None): X: 755 Y: 114
[INFO] - (None): X: 751 Y: 112
[INFO] - (None): X: 747 Y: 108
[INFO] - (None): X: 743 Y: 106
[INFO] - (None): X: 741 Y: 102
[INFO] - (None): X: 735 Y: 98
[INFO] - (None): X: 733 Y: 96
[INFO] - (None): X: 729 Y: 94
[INFO] - (None): X: 729 Y: 92
[INFO] - (None): X: 723 Y: 90
[INFO] - (None): X: 721 Y: 88
[INFO] - (None): X: 719 Y: 86
[INFO] - (None): X: 715 Y: 86
[INFO] - (None): X: 711 Y: 82
[INFO] - (None): X: 709 Y: 80
[INFO] - (None): X: 707 Y: 78
[INFO] - (None): X: 705 Y: 76
[INFO] - (None): X: 703 Y: 72
[INFO] - (None): X: 699 Y: 72
[INFO] - (None): X: 699 Y: 70
[INFO] - (None): X: 697 Y: 68
[INFO] - (None): X: 695 Y: 66
[INFO] - (None): X: 693 Y: 66
[INFO] - (None): X: 692 Y: 64
[INFO] - (None): X: 688 Y: 62
[INFO] - (None): X: 686 Y: 62
[INFO] - (None): X: 686 Y: 61
[INFO] - (None): X: 682 Y: 59
[INFO] - (None): X: 680 Y: 57
[INFO] - (None): X: 678 Y: 57
[INFO] - (None): X: 678 Y: 55
[INFO] - (None): X: 676 Y: 53
[INFO] - (None): X: 674 Y: 53
[INFO] - (None): X: 674 Y: 51
[INFO] - (None): X: 672 Y: 51
[INFO] - (None): X: 672 Y: 50
[INFO] - (None): X: 671 Y: 50
[INFO] - (None): X: 669 Y: 48
[INFO] - (None): X: 667 Y: 48
[INFO] - (None): X: 667 Y: 47
[INFO] - (None): X: 666 Y: 47
[INFO] - (None): X: 666 Y: 45
[INFO] - (None): X: 664 Y: 45
[INFO] - (None): X: 662 Y: 43
[INFO] - (None): X: 660 Y: 43
[INFO] - (None): X: 659 Y: 42
[INFO] - (None): X: 658 Y: 42
[INFO] - (None): X: 658 Y: 40
[INFO] - (None): X: 656 Y: 40
[INFO] - (None): X: 655 Y: 39
[INFO] - (None): X: 653 Y: 39
[INFO] - (None): X: 653 Y: 37
[INFO] - (None): X: 653 Y: 36
[INFO] - (None): X: 652 Y: 36
[INFO] - (None): X: 651 Y: 36
[INFO] - (None): X: 649 Y: 36
[INFO] - (None): X: 649 Y: 35
[INFO] - (None): X: 648 Y: 35
[INFO] - (None): X: 646 Y: 33
[INFO] - (None): X: 645 Y: 33
[INFO] - (None): X: 645 Y: 32
[INFO] - (None): X: 643 Y: 32
[INFO] - (None): X: 642 Y: 30
[INFO] - (None): X: 640 Y: 30
[INFO] - (None): X: 639 Y: 30
[INFO] - (None): X: 637 Y: 28
[INFO] - (None): X: 635 Y: 28
[INFO] - (None): X: 634 Y: 28
[INFO] - (None): X: 632 Y: 26
[INFO] - (None): X: 630 Y: 26
[INFO] - (None): X: 628 Y: 24
[INFO] - (None): X: 626 Y: 24
[INFO] - (None): X: 625 Y: 22
[INFO] - (None): X: 621 Y: 22
[INFO] - (None): X: 617 Y: 22
[INFO] - (None): X: 615 Y: 21
[INFO] - (None): X: 613 Y: 19
[INFO] - (None): X: 611 Y: 19
[INFO] - (None): X: 610 Y: 19
[INFO] - (None): X: 608 Y: 17
[INFO] - (None): X: 606 Y: 17
[INFO] - (None): X: 604 Y: 15
[INFO] - (None): X: 602 Y: 15
[INFO] - (None): X: 600 Y: 13
[INFO] - (None): X: 599 Y: 13
[INFO] - (None): X: 597 Y: 13
[INFO] - (None): X: 595 Y: 13
[INFO] - (None): X: 594 Y: 13
[INFO] - (None): X: 592 Y: 13
[INFO] - (None): X: 590 Y: 11
[INFO] - (None): X: 588 Y: 11
[INFO] - (None): X: 587 Y: 11
[INFO] - (None): X: 585 Y: 11
[INFO] - (None): X: 583 Y: 11
[INFO] - (None): X: 581 Y: 9
[INFO] - (None): X: 580 Y: 9
[INFO] - (None): X: 578 Y: 9
[INFO] - (None): X: 578 Y: 8
[INFO] - (None): X: 576 Y: 8
[INFO] - (None): X: 575 Y: 6
[INFO] - (None): X: 574 Y: 6
[INFO] - (None): X: 574 Y: 5
[INFO] - (None): X: 574 Y: 4
[INFO] - (None): X: 575 Y: 4
[INFO] - (None): X: 577 Y: 4
[INFO] - (None): X: 578 Y: 4
[INFO] - (None): X: 579 Y: 3
[INFO] - (None): X: 581 Y: 3
[INFO] - (None): X: 582 Y: 3
[INFO] - (None): X: 584 Y: 3
[INFO] - (None): X: 585 Y: 3
[INFO] - (None): X: 585 Y: 2
[INFO] - (None): X: 587 Y: 0
[INFO] - (None): X: 588 Y: 0
[INFO] - (None): X: 590 Y: 0
[INFO] - (None): X: 591 Y: 0
[INFO] - (None): X: 592 Y: 0
[ERROR] - (None): Shaders failed to load and or compile.
[INFO] - (None): X: 796 Y: 69
[INFO] - (None): X: 795 Y: 69
[INFO] - (None): X: 793 Y: 67
[INFO] - (None): X: 791 Y: 67
[INFO] - (None): X: 790 Y: 67
[INFO] - (None): X: 789 Y: 67
[INFO] - (None): X: 789 Y: 66
[INFO] - (None): X: 788 Y: 66
[INFO] - (None): X: 787 Y: 66
[INFO] - (None): X: 786 Y: 65
[INFO] - (None): X: 785 Y: 64
[INFO] - (None): X: 785 Y: 63
[INFO] - (None): X: 784 Y: 63
[INFO] - (None): X: 784 Y: 62
[INFO] - (None): X: 784 Y: 61
[INFO] - (None): X: 783 Y: 61
[INFO] - (None): X: 783 Y: 60
[INFO] - (None): X: 783 Y: 59
[INFO] - (None): X: 783 Y: 58
[INFO] - (None): X: 782 Y: 58
[INFO] - (None): X: 782 Y: 57
[INFO] - (None): X: 782 Y: 55
[INFO] - (None): X: 781 Y: 55
[INFO] - (None): X: 781 Y: 54
[INFO] - (None): X: 780 Y: 54
[INFO] - (None): X: 780 Y: 53
[INFO] - (None): X: 780 Y: 52
[INFO] - (None): X: 779 Y: 52
[INFO] - (None): X: 779 Y: 51
[INFO] - (None): X: 779 Y: 50
[INFO] - (None): X: 779 Y: 49
[INFO] - (None): X: 780 Y: 49
[INFO] - (None): X: 781 Y: 49
[INFO] - (None): X: 781 Y: 48
[INFO] - (None): X: 782 Y: 48
[INFO] - (None): X: 782 Y: 46
[INFO] - (None): X: 784 Y: 46
[INFO] - (None): X: 784 Y: 45
[INFO] - (None): X: 785 Y: 45
[INFO] - (None): X: 787 Y: 44
[INFO] - (None): X: 788 Y: 42
[INFO] - (None): X: 789 Y: 41
[INFO] - (None): X: 790 Y: 40
[INFO] - (None): X: 790 Y: 39
[INFO] - (None): X: 792 Y: 39
[INFO] - (None): X: 793 Y: 37
[INFO] - (None): X: 793 Y: 35
[INFO] - (None): X: 795 Y: 35
[INFO] - (None): X: 796 Y: 34
[INFO] - (None): X: 798 Y: 34
[INFO] - (None): X: 798 Y: 32
[INFO] - (None): X: 798 Y: 31
[INFO] - (None): X: 799 Y: 30
[INFO] - (None): X: 799 Y: 28
[INFO] - (None): X: 799 Y: 27
[INFO] - (None): X: 799 Y: 26
[INFO] - (None): X: 799 Y: 7
[INFO] - (None): X: 797 Y: 7
[INFO] - (None): X: 797 Y: 6
[INFO] - (None): X: 796 Y: 5
[INFO] - (None): X: 796 Y: 4
[INFO] - (None): X: 795 Y: 4
[INFO] - (None): X: 794 Y: 4
[INFO] - (None): X: 794 Y: 3
[INFO] - (None): X: 794 Y: 1
[INFO] - (None): X: 793 Y: 1
[INFO] - (None): X: 793 Y: 0
[INFO] - (None): X: 792 Y: 0
[INFO] - (None): X: 792 Y: 0
[ERROR] - (None): Shaders failed to load and or compile.
[ERROR] - (None): Shaders failed to load and or compile.
[ERROR] - (None): Shaders failed to load and or compile.
[ERROR] - (None): Shaders failed to load and or compile.
[ERROR] - (None): Shaders failed to load and or compile.
[INFO] - (None): X: 798 Y: 8
[INFO] - (None): X: 797 Y: 7
[INFO] - (None): X: 796 Y: 7
[INFO] - (None): X: 795 Y: 7
[INFO] - (None): X: 795 Y: 6
[INFO] - (None): X: 794 Y: 6
[INFO] - (None): X: 794 Y: 5
[INFO] - (None): X: 793 Y: 5
[INFO] - (None): X: 792 Y: 5
[INFO] - (None): X: 792 Y: 4
[INFO] - (None): X: 792 Y: 3
[INFO] - (None): X: 792 Y: 2
[INFO] - (None): X: 793 Y: 2
[INFO] - (None): X: 793 Y: 1
[INFO] - (None): X: 793 Y: 0
[INFO] - (None): X: 793 Y: 0
[ERROR] - (None): Shaders failed to load and or compile.
[INFO] - (None): X: 786 Y: 454
[INFO] - (None): X: 774 Y: 454
[INFO] - (None): X: 762 Y: 454
[INFO] - (None): X: 752 Y: 454
[INFO] - (None): X: 740 Y: 454
[INFO] - (None): X: 728 Y: 454
[INFO] - (None): X: 716 Y: 454
[INFO] - (None): X: 706 Y: 454
[INFO] - (None): X: 692 Y: 454
[INFO] - (None): X: 682 Y: 454
[INFO] - (None): X: 670 Y: 454
[INFO] - (None): X: 658 Y: 454
[INFO] - (None): X: 646 Y: 454
[INFO] - (None): X: 636 Y: 452
[INFO] - (None): X: 622 Y: 452
[INFO] - (None): X: 612 Y: 452
[INFO] - (None): X: 596 Y: 450
[INFO] - (None): X: 586 Y: 448
[INFO] - (None): X: 574 Y: 448
[INFO] - (None): X: 560 Y: 448
[INFO] - (None): X: 546 Y: 446
[INFO] - (None): X: 534 Y: 446
[INFO] - (None): X: 522 Y: 446
[INFO] - (None): X: 508 Y: 444
[INFO] - (None): X: 496 Y: 444
[INFO] - (None): X: 482 Y: 444
[INFO] - (None): X: 468 Y: 444
[INFO] - (None): X: 456 Y: 444
[INFO] - (None): X: 440 Y: 440
[INFO] - (None): X: 426 Y: 440
[INFO] - (None): X: 412 Y: 440
[INFO] - (None): X: 398 Y: 440
[INFO] - (None): X: 384 Y: 440
[INFO] - (None): X: 370 Y: 438
[INFO] - (None): X: 356 Y: 438
[INFO] - (None): X: 342 Y: 438
[INFO] - (None): X: 328 Y: 436
[INFO] - (None): X: 314 Y: 436
[INFO] - (None): X: 298 Y: 436
[INFO] - (None): X: 284 Y: 434
[INFO] - (None): X: 268 Y: 434
[INFO] - (None): X: 254 Y: 432
[INFO] - (None): X: 240 Y: 432
[INFO] - (None): X: 224 Y: 430
[INFO] - (None): X: 212 Y: 428
[INFO] - (None): X: 196 Y: 428
[INFO] - (None): X: 184 Y: 426
[INFO] - (None): X: 168 Y: 424
[INFO] - (None): X: 154 Y: 424
[INFO] - (None): X: 140 Y: 422
[INFO] - (None): X: 128 Y: 418
[INFO] - (None): X: 112 Y: 418
[INFO] - (None): X: 100 Y: 416
[INFO] - (None): X: 84 Y: 414
[INFO] - (None): X: 72 Y: 412
[INFO] - (None): X: 60 Y: 410
[INFO] - (None): X: 48 Y: 408
[INFO] - (None): X: 34 Y: 406
[INFO] - (None): X: 22 Y: 402
[INFO] - (None): X: 10 Y: 400
[INFO] - (None): X: 0 Y: 396
[INFO] - (None): X: 121 Y: 6
[INFO] - (None): X: 107 Y: 8
[INFO] - (None): X: 95 Y: 10
[INFO] - (None): X: 83 Y: 12
[INFO] - (None): X: 73 Y: 14
[INFO] - (None): X: 65 Y: 16
[INFO] - (None): X: 55 Y: 16
[INFO] - (None): X: 45 Y: 16
[INFO] - (None): X: 37 Y: 16
[INFO] - (None): X: 31 Y: 16
[INFO] - (None): X: 23 Y: 18
[INFO] - (None): X: 15 Y: 18
[INFO] - (None): X: 7 Y: 18
[INFO] - (None): X: 0 Y: 18
[ERROR] - (None): Shaders failed to load and or compile.
[INFO] - (None): X: 787 Y: 107
[INFO] - (None): X: 777 Y: 107
[INFO] - (None): X: 767 Y: 105
[INFO] - (None): X: 755 Y: 101
[INFO] - (None): X: 743 Y: 99
[INFO] - (None): X: 731 Y: 97
[INFO] - (None): X: 719 Y: 95
[INFO] - (None): X: 709 Y: 93
[INFO] - (None): X: 697 Y: 91
[INFO] - (None): X: 685 Y: 89
[INFO] - (None): X: 673 Y: 85
[INFO] - (None): X: 661 Y: 83
[INFO] - (None): X: 647 Y: 81
[INFO] - (None): X: 635 Y: 79
[INFO] - (None): X: 625 Y: 77
[INFO] - (None): X: 611 Y: 75
[INFO] - (None): X: 601 Y: 73
[INFO] - (None): X: 585 Y: 71
[INFO] - (None): X: 573 Y: 67
[INFO] - (None): X: 561 Y: 67
[INFO] - (None): X: 549 Y: 65
[INFO] - (None): X: 533 Y: 61
[INFO] - (None): X: 519 Y: 59
[INFO] - (None): X: 509 Y: 59
[INFO] - (None): X: 493 Y: 57
[INFO] - (None): X: 481 Y: 55
[INFO] - (None): X: 467 Y: 53
[INFO] - (None): X: 457 Y: 51
[INFO] - (None): X: 441 Y: 51
[INFO] - (None): X: 427 Y: 49
[INFO] - (None): X: 415 Y: 49
[INFO] - (None): X: 401 Y: 49
[INFO] - (None): X: 387 Y: 47
[INFO] - (None): X: 371 Y: 45
[INFO] - (None): X: 357 Y: 43
[INFO] - (None): X: 343 Y: 43
[INFO] - (None): X: 329 Y: 41
[INFO] - (None): X: 315 Y: 41
[INFO] - (None): X: 301 Y: 39
[INFO] - (None): X: 287 Y: 39
[INFO] - (None): X: 271 Y: 37
[INFO] - (None): X: 257 Y: 37
[INFO] - (None): X: 245 Y: 35
[INFO] - (None): X: 229 Y: 35
[INFO] - (None): X: 215 Y: 35
[INFO] - (None): X: 201 Y: 33
[INFO] - (None): X: 187 Y: 33
[INFO] - (None): X: 171 Y: 33
[INFO] - (None): X: 157 Y: 33
[INFO] - (None): X: 145 Y: 31
[INFO] - (None): X: 131 Y: 31
[INFO] - (None): X: 117 Y: 31
[INFO] - (None): X: 103 Y: 31
[INFO] - (None): X: 89 Y: 31
[INFO] - (None): X: 77 Y: 31
[INFO] - (None): X: 61 Y: 31
[INFO] - (None): X: 49 Y: 31
[INFO] - (None): X: 37 Y: 31
[INFO] - (None): X: 25 Y: 31
[INFO] - (None): X: 11 Y: 31
[INFO] - (None): X: 0 Y: 31
[INFO] - (None): X: 799 Y: 14
[INFO] - (None): X: 798 Y: 12
[INFO] - (None): X: 796 Y: 10
[INFO] - (None): X: 796 Y: 8
[INFO] - (None): X: 794 Y: 8
[INFO] - (None): X: 794 Y: 6
[INFO] - (None): X: 792 Y: 4
[INFO] - (None): X: 790 Y: 3
[INFO] - (None): X: 789 Y: 3
[INFO] - (None): X: 789 Y: 0
[ERROR] - (None): Shaders failed to load and or compile.
[ERROR] - (None): Shaders failed to load and or compile.
[ERROR] - (None): Shaders failed to load and or compile.
[ERROR] - (None): Shaders failed to load and or compile.
[ERROR] - (None): Could not find the vertex shader file.
[ERROR] - (None): Shaders failed to load and or compile.
[INFO] - (None): X: 772 Y: 140
[INFO] - (None): X: 754 Y: 134
[INFO] - (None): X: 736 Y: 132
[INFO] - (None): X: 718 Y: 126
[INFO] - (None): X: 702 Y: 122
[INFO] - (None): X: 684 Y: 118
[INFO] - (None): X: 670 Y: 116
[INFO] - (None): X: 652 Y: 110
[INFO] - (None): X: 636 Y: 108
[INFO] - (None): X: 620 Y: 104
[INFO] - (None): X: 606 Y: 100
[INFO] - (None): X: 588 Y: 96
[INFO] - (None): X: 576 Y: 94
[INFO] - (None): X: 560 Y: 90
[INFO] - (None): X: 546 Y: 86
[INFO] - (None): X: 536 Y: 82
[INFO] - (None): X: 522 Y: 80
[INFO] - (None): X: 508 Y: 74
[INFO] - (None): X: 498 Y: 70
[INFO] - (None): X: 486 Y: 68
[INFO] - (None): X: 476 Y: 66
[INFO] - (None): X: 464 Y: 62
[INFO] - (None): X: 452 Y: 58
[INFO] - (None): X: 444 Y: 56
[INFO] - (None): X: 434 Y: 54
[INFO] - (None): X: 426 Y: 50
[INFO] - (None): X: 418 Y: 48
[INFO] - (None): X: 408 Y: 44
[INFO] - (None): X: 400 Y: 42
[INFO] - (None): X: 394 Y: 40
[INFO] - (None): X: 386 Y: 36
[INFO] - (None): X: 378 Y: 36
[INFO] - (None): X: 374 Y: 34
[INFO] - (None): X: 368 Y: 32
[INFO] - (None): X: 362 Y: 30
[INFO] - (None): X: 356 Y: 28
[INFO] - (None): X: 350 Y: 26
[INFO] - (None): X: 344 Y: 26
[INFO] - (None): X: 340 Y: 24
[INFO] - (None): X: 336 Y: 24
[INFO] - (None): X: 332 Y: 22
[INFO] - (None): X: 330 Y: 22
[INFO] - (None): X: 328 Y: 20
[INFO] - (None): X: 324 Y: 18
[INFO] - (None): X: 320 Y: 18
[INFO] - (None): X: 318 Y: 18
[INFO] - (None): X: 316 Y: 18
[INFO] - (None): X: 315 Y: 18
[INFO] - (None): X: 315 Y: 16
[INFO] - (None): X: 313 Y: 16
[INFO] - (None): X: 314 Y: 16
[INFO] - (None): X: 315 Y: 16
[INFO] - (None): X: 316 Y: 16
[INFO] - (None): X: 318 Y: 16
[INFO] - (None): X: 319 Y: 16
[INFO] - (None): X: 321 Y: 16
[INFO] - (None): X: 322 Y: 16
[INFO] - (None): X: 324 Y: 16
[INFO] - (None): X: 326 Y: 16
[INFO] - (None): X: 327 Y: 16
[INFO] - (None): X: 329 Y: 16
[INFO] - (None): X: 333 Y: 16
[INFO] - (None): X: 337 Y: 16
[INFO] - (None): X: 339 Y: 16
[INFO] - (None): X: 341 Y: 16
[INFO] - (None): X: 344 Y: 16
[INFO] - (None): X: 346 Y: 16
[INFO] - (None): X: 348 Y: 16
[INFO] - (None): X: 350 Y: 16
[INFO] - (None): X: 354 Y: 16
[INFO] - (None): X: 356 Y: 16
[INFO] - (None): X: 359 Y: 16
[INFO] - (None): X: 363 Y: 16
[INFO] - (None): X: 365 Y: 16
[INFO] - (None): X: 367 Y: 16
[INFO] - (None): X: 369 Y: 16
[INFO] - (None): X: 370 Y: 16
[INFO] - (None): X: 374 Y: 16
[INFO] - (None): X: 378 Y: 18
[INFO] - (None): X: 380 Y: 18
[INFO] - (None): X: 384 Y: 18
[INFO] - (None): X: 388 Y: 18
[INFO] - (None): X: 390 Y: 18
[INFO] - (None): X: 392 Y: 18
[INFO] - (None): X: 393 Y: 18
[INFO] - (None): X: 397 Y: 18
[INFO] - (None): X: 399 Y: 18
[INFO] - (None): X: 403 Y: 18
[INFO] - (None): X: 407 Y: 18
[INFO] - (None): X: 409 Y: 18
[INFO] - (None): X: 413 Y: 18
[INFO] - (None): X: 415 Y: 18
[INFO] - (None): X: 419 Y: 18
[INFO] - (None): X: 421 Y: 20
[INFO] - (None): X: 423 Y: 20
[INFO] - (None): X: 426 Y: 20
[INFO] - (None): X: 430 Y: 20
[INFO] - (None): X: 434 Y: 20
[INFO] - (None): X: 438 Y: 20
[INFO] - (None): X: 440 Y: 20
[INFO] - (None): X: 444 Y: 20
[INFO] - (None): X: 448 Y: 20
[INFO] - (None): X: 452 Y: 20
[INFO] - (None): X: 456 Y: 20
[INFO] - (None): X: 460 Y: 20
[INFO] - (None): X: 462 Y: 20
[INFO] - (None): X: 466 Y: 20
[INFO] - (None): X: 470 Y: 20
[INFO] - (None): X: 474 Y: 20
[INFO] - (None): X: 478 Y: 20
[INFO] - (None): X: 482 Y: 20
[INFO] - (None): X: 486 Y: 20
[INFO] - (None): X: 490 Y: 20
[INFO] - (None): X: 494 Y: 20
[INFO] - (None): X: 498 Y: 20
[INFO] - (None): X: 502 Y: 20
[INFO] - (None): X: 506 Y: 20
[INFO] - (None): X: 510 Y: 20
[INFO] - (None): X: 514 Y: 20
[INFO] - (None): X: 520 Y: 20
[INFO] - (None): X: 522 Y: 20
[INFO] - (None): X: 526 Y: 20
[INFO] - (None): X: 528 Y: 20
[INFO] - (None): X: 532 Y: 20
[INFO] - (None): X: 536 Y: 20
[INFO] - (None): X: 540 Y: 20
[INFO] - (None): X: 544 Y: 20
[INFO] - (None): X: 548 Y: 20
[INFO] - (None): X: 552 Y: 20
[INFO] - (None): X: 556 Y: 20
[INFO] - (None): X: 558 Y: 20
[INFO] - (None): X: 562 Y: 20
[INFO] - (None): X: 566 Y: 20
[INFO] - (None): X: 568 Y: 18
[INFO] - (None): X: 572 Y: 18
[INFO] - (None): X: 574 Y: 18
[INFO] - (None): X: 577 Y: 18
[INFO] - (None): X: 581 Y: 18
[INFO] - (None): X: 583 Y: 18
[INFO] - (None): X: 587 Y: 16
[INFO] - (None): X: 589 Y: 16
[INFO] - (None): X: 591 Y: 16
[INFO] - (None): X: 595 Y: 16
[INFO] - (None): X: 597 Y: 14
[INFO] - (None): X: 601 Y: 14
[INFO] - (None): X: 603 Y: 14
[INFO] - (None): X: 606 Y: 12
[INFO] - (None): X: 608 Y: 12
[INFO] - (None): X: 612 Y: 12
[INFO] - (None): X: 614 Y: 12
[INFO] - (None): X: 618 Y: 12
[INFO] - (None): X: 620 Y: 10
[INFO] - (None): X: 624 Y: 10
[INFO] - (None): X: 626 Y: 8
[INFO] - (None): X: 628 Y: 8
[INFO] - (None): X: 630 Y: 8
[INFO] - (None): X: 634 Y: 8
[INFO] - (None): X: 636 Y: 6
[INFO] - (None): X: 640 Y: 6
[INFO] - (None): X: 641 Y: 6
[INFO] - (None): X: 643 Y: 6
[INFO] - (None): X: 647 Y: 4
[INFO] - (None): X: 651 Y: 4
[INFO] - (None): X: 655 Y: 2
[INFO] - (None): X: 657 Y: 2
[INFO] - (None): X: 659 Y: 2
[INFO] - (None): X: 662 Y: 0
[INFO] - (None): X: 664 Y: 0
[INFO] - (None): X: 668 Y: 0
[INFO] - (None): X: 670 Y: 0
[ERROR] - (None): Could not find the vertex shader file.
[ERROR] - (None): Shaders failed to load and or compile.
[ERROR] - (None): Could not find the vertex shader file.
[ERROR] - (None): Shaders failed to load and or compile.
[INFO] - (None): X: 778 Y: 80
[INFO] - (None): X: 762 Y: 76
[INFO] - (None): X: 746 Y: 72
[INFO] - (None): X: 732 Y: 66
[INFO] - (None): X: 718 Y: 62
[INFO] - (None): X: 704 Y: 58
[INFO] - (None): X: 692 Y: 54
[INFO] - (None): X: 678 Y: 50
[INFO] - (None): X: 666 Y: 44
[INFO] - (None): X: 654 Y: 40
[INFO] - (None): X: 644 Y: 36
[INFO] - (None): X: 632 Y: 30
[INFO] - (None): X: 620 Y: 28
[INFO] - (None): X: 610 Y: 22
[INFO] - (None): X: 602 Y: 18
[INFO] - (None): X: 592 Y: 14
[INFO] - (None): X: 582 Y: 10
[INFO] - (None): X: 576 Y: 6
[INFO] - (None): X: 566 Y: 2
[INFO] - (None): X: 560 Y: 0
[ERROR] - (None): Shaders failed to load and or compile.
[ERROR] - (None): Shaders failed to load and or compile.
[ERROR] - (None): Shaders failed to load and or compile.
[INFO] - (None): X: 774 Y: 256
[INFO] - (None): X: 760 Y: 256
[INFO] - (None): X: 746 Y: 256
[INFO] - (None): X: 734 Y: 256
[INFO] - (None): X: 722 Y: 258
[INFO] - (None): X: 710 Y: 258
[INFO] - (None): X: 698 Y: 260
[INFO] - (None): X: 688 Y: 262
[INFO] - (None): X: 678 Y: 264
[INFO] - (None): X: 668 Y: 266
[INFO] - (None): X: 658 Y: 270
[INFO] - (None): X: 650 Y: 274
[INFO] - (None): X: 642 Y: 276
[INFO] - (None): X: 634 Y: 280
[INFO] - (None): X: 628 Y: 284
[INFO] - (None): X: 622 Y: 288
[INFO] - (None): X: 614 Y: 290
[INFO] - (None): X: 610 Y: 294
[INFO] - (None): X: 604 Y: 296
[INFO] - (None): X: 600 Y: 300
[INFO] - (None): X: 594 Y: 304
[INFO] - (None): X: 592 Y: 308
[INFO] - (None): X: 588 Y: 312
[INFO] - (None): X: 586 Y: 316
[INFO] - (None): X: 584 Y: 322
[INFO] - (None): X: 580 Y: 326
[INFO] - (None): X: 578 Y: 328
[INFO] - (None): X: 578 Y: 334
[INFO] - (None): X: 578 Y: 338
[INFO] - (None): X: 576 Y: 342
[INFO] - (None): X: 574 Y: 346
[INFO] - (None): X: 572 Y: 350
[INFO] - (None): X: 572 Y: 356
[INFO] - (None): X: 572 Y: 360
[INFO] - (None): X: 570 Y: 364
[INFO] - (None): X: 570 Y: 370
[INFO] - (None): X: 570 Y: 376
[INFO] - (None): X: 570 Y: 380
[INFO] - (None): X: 570 Y: 384
[INFO] - (None): X: 570 Y: 390
[INFO] - (None): X: 570 Y: 394
[INFO] - (None): X: 570 Y: 398
[INFO] - (None): X: 570 Y: 404
[INFO] - (None): X: 570 Y: 408
[INFO] - (None): X: 570 Y: 412
[INFO] - (None): X: 570 Y: 418
[INFO] - (None): X: 570 Y: 422
[INFO] - (None): X: 570 Y: 428
[INFO] - (None): X: 570 Y: 432
[INFO] - (None): X: 570 Y: 436
[INFO] - (None): X: 570 Y: 440
[INFO] - (None): X: 570 Y: 444
[INFO] - (None): X: 570 Y: 448
[INFO] - (None): X: 570 Y: 454
[INFO] - (None): X: 570 Y: 458
[INFO] - (None): X: 568 Y: 462
[INFO] - (None): X: 568 Y: 466
[INFO] - (None): X: 566 Y: 472
[INFO] - (None): X: 566 Y: 474
[INFO] - (None): X: 566 Y: 478
[INFO] - (None): X: 564 Y: 484
[INFO] - (None): X: 562 Y: 488
[INFO] - (None): X: 562 Y: 492
[INFO] - (None): X: 562 Y: 496
[INFO] - (None): X: 558 Y: 498
[INFO] - (None): X: 558 Y: 502
[INFO] - (None): X: 556 Y: 506
[INFO] - (None): X: 554 Y: 510
[INFO] - (None): X: 554 Y: 514
[INFO] - (None): X: 550 Y: 516
[INFO] - (None): X: 548 Y: 518
[INFO] - (None): X: 546 Y: 522
[INFO] - (None): X: 544 Y: 526
[INFO] - (None): X: 542 Y: 528
[INFO] - (None): X: 540 Y: 532
[INFO] - (None): X: 536 Y: 536
[INFO] - (None): X: 534 Y: 538
[INFO] - (None): X: 530 Y: 540
[INFO] - (None): X: 528 Y: 544
[INFO] - (None): X: 524 Y: 548
[INFO] - (None): X: 522 Y: 550
[INFO] - (None): X: 518 Y: 554
[INFO] - (None): X: 516 Y: 556
[INFO] - (None): X: 512 Y: 558
[INFO] - (None): X: 508 Y: 562
[INFO] - (None): X: 504 Y: 566
[INFO] - (None): X: 500 Y: 568
[INFO] - (None): X: 498 Y: 572
[INFO] - (None): X: 494 Y: 574
[INFO] - (None): X: 490 Y: 578
[INFO] - (None): X: 486 Y: 580
[INFO] - (None): X: 482 Y: 584
[INFO] - (None): X: 480 Y: 586
[INFO] - (None): X: 474 Y: 590
[INFO] - (None): X: 470 Y: 594
[INFO] - (None): X: 466 Y: 596
[INFO] - (None): X: 462 Y: 599
[INFO] - (None): X: 774 Y: 1
[INFO] - (None): X: 774 Y: 2
[INFO] - (None): X: 774 Y: 1
[INFO] - (None): X: 774 Y: 0
[INFO] - (None): X: 774 Y: 0
[ERROR] - (None): Shaders failed to load and or compile.
